#
# A fatal error has been detected by the Java Runtime Environment:
#
#  SIGILL (0x4) at pc=0x00007ff80ca677a3, pid=67734, tid=5891
#
# JRE version: Java(TM) SE Runtime Environment (17.0.2+8) (build 17.0.2+8-LTS-86)
# Java VM: Java HotSpot(TM) 64-Bit Server VM (17.0.2+8-LTS-86, mixed mode, sharing, tiered, compressed oops, compressed class ptrs, g1 gc, bsd-amd64)
# Problematic frame:
# C  [libdispatch.dylib+0x47a3]  _dispatch_assert_queue_fail+0x63
#
# No core dump will be written. Core dumps have been disabled. To enable core dumping, try "ulimit -c unlimited" before starting Java again
#
# If you would like to submit a bug report, please visit:
#   https://bugreport.java.com/bugreport/crash.jsp
# The crash happened outside the Java Virtual Machine in native code.
# See problematic frame for where to report the bug.
#

---------------  S U M M A R Y ------------

Command Line: -Dfile.encoding=UTF-8 -XX:+ShowCodeDetailsInExceptionMessages a.examples.A座標の保存

Host: "Macmini8,1" x86_64 3200 MHz, 12 cores, 16G, Darwin 21.3.0, macOS 12.2.1 (21D62)
Time: Sat Feb 19 18:59:40 2022 JST elapsed time: 0.831387 seconds (0d 0h 0m 0s)

---------------  T H R E A D  ---------------

Current thread (0x00007f9f5380fc00):  JavaThread "main" [_thread_in_native, id=5891, stack(0x00007000061dd000,0x00007000062dd000)]

Stack: [0x00007000061dd000,0x00007000062dd000],  sp=0x00007000062dbc90,  free space=1019k
Native frames: (J=compiled Java code, j=interpreted, Vv=VM code, C=native code)
C  [libdispatch.dylib+0x47a3]  _dispatch_assert_queue_fail+0x63
C  [libdispatch.dylib+0x4740]  _dispatch_assert_queue_fail+0x0
C  [HIToolbox+0x347ec]  islGetInputSourceListWithAdditions+0x77
C  [HIToolbox+0x36cd1]  isValidateInputSourceRef+0x5a
C  [HIToolbox+0x36b99]  TSMGetInputSourceProperty+0x1e
C  [libnewt_head.dylib+0xacaf]  JNI_OnUnload_newt_drm+0x48cf
C  [libnewt_head.dylib+0xac68]  JNI_OnUnload_newt_drm+0x4888
C  [libnewt_head.dylib+0x8efc]  JNI_OnUnload_newt_drm+0x2b1c
C  [libnewt_head.dylib+0x2b6e]  Java_jogamp_newt_driver_macosx_WindowDriver_initIDs0+0x19e
j  jogamp.newt.driver.macosx.WindowDriver.initIDs0()Z+0
j  jogamp.newt.driver.macosx.DisplayDriver.<clinit>()V+20
v  ~StubRoutines::call_stub
V  [libjvm.dylib+0x5053c1]  JavaCalls::call_helper(JavaValue*, methodHandle const&, JavaCallArguments*, JavaThread*)+0x2a1
V  [libjvm.dylib+0x4e36f4]  InstanceKlass::call_class_initializer(JavaThread*)+0x254
V  [libjvm.dylib+0x4e2eb5]  InstanceKlass::initialize_impl(JavaThread*)+0x415
V  [libjvm.dylib+0x59e240]  JVM_FindClassFromCaller+0x2d0
C  [libjava.dylib+0x29f6]  Java_java_lang_Class_forName0+0x136
j  java.lang.Class.forName0(Ljava/lang/String;ZLjava/lang/ClassLoader;Ljava/lang/Class;)Ljava/lang/Class;+0 java.base@17.0.2
j  java.lang.Class.forName(Ljava/lang/String;)Ljava/lang/Class;+11 java.base@17.0.2
j  com.jogamp.newt.NewtFactory.getCustomClass(Ljava/lang/String;Ljava/lang/String;)Ljava/lang/Class;+76
j  jogamp.newt.DisplayImpl.getDisplayClass(Ljava/lang/String;)Ljava/lang/Class;+3
j  jogamp.newt.DisplayImpl.create(Ljava/lang/String;Ljava/lang/String;JZ)Lcom/jogamp/newt/Display;+1
j  com.jogamp.newt.NewtFactory.createDisplay(Ljava/lang/String;Z)Lcom/jogamp/newt/Display;+7
j  com.jogamp.newt.NewtFactory.createDisplay(Ljava/lang/String;)Lcom/jogamp/newt/Display;+2
j  processing.opengl.PSurfaceJOGL.initDisplay()V+2
j  processing.opengl.PSurfaceJOGL.initFrame(Lprocessing/core/PApplet;)V+10
j  processing.core.PApplet.initSurface()Lprocessing/core/PSurface;+34
j  processing.core.PApplet.runSketch([Ljava/lang/String;Lprocessing/core/PApplet;)V+768
j  processing.core.PApplet.main(Ljava/lang/String;[Ljava/lang/String;)V+21
j  processing.core.PApplet.main(Ljava/lang/Class;[Ljava/lang/String;)V+5
j  a.examples.A座標の保存.main([Ljava/lang/String;)V+6
v  ~StubRoutines::call_stub
V  [libjvm.dylib+0x5053c1]  JavaCalls::call_helper(JavaValue*, methodHandle const&, JavaCallArguments*, JavaThread*)+0x2a1
V  [libjvm.dylib+0x566db2]  jni_invoke_static(JNIEnv_*, JavaValue*, _jobject*, JNICallType, _jmethodID*, JNI_ArgumentPusher*, JavaThread*)+0x152
V  [libjvm.dylib+0x56a173]  jni_CallStaticVoidMethod+0x183
C  [libjli.dylib+0x50bf]  JavaMain+0x9bf
C  [libjli.dylib+0x77e9]  ThreadJavaMain+0x9
C  [libsystem_pthread.dylib+0x64f4]  _pthread_start+0x7d
C  [libsystem_pthread.dylib+0x200f]  thread_start+0xf

Java frames: (J=compiled Java code, j=interpreted, Vv=VM code)
j  jogamp.newt.driver.macosx.WindowDriver.initIDs0()Z+0
j  jogamp.newt.driver.macosx.DisplayDriver.<clinit>()V+20
v  ~StubRoutines::call_stub
j  java.lang.Class.forName0(Ljava/lang/String;ZLjava/lang/ClassLoader;Ljava/lang/Class;)Ljava/lang/Class;+0 java.base@17.0.2
j  java.lang.Class.forName(Ljava/lang/String;)Ljava/lang/Class;+11 java.base@17.0.2
j  com.jogamp.newt.NewtFactory.getCustomClass(Ljava/lang/String;Ljava/lang/String;)Ljava/lang/Class;+76
j  jogamp.newt.DisplayImpl.getDisplayClass(Ljava/lang/String;)Ljava/lang/Class;+3
j  jogamp.newt.DisplayImpl.create(Ljava/lang/String;Ljava/lang/String;JZ)Lcom/jogamp/newt/Display;+1
j  com.jogamp.newt.NewtFactory.createDisplay(Ljava/lang/String;Z)Lcom/jogamp/newt/Display;+7
j  com.jogamp.newt.NewtFactory.createDisplay(Ljava/lang/String;)Lcom/jogamp/newt/Display;+2
j  processing.opengl.PSurfaceJOGL.initDisplay()V+2
j  processing.opengl.PSurfaceJOGL.initFrame(Lprocessing/core/PApplet;)V+10
j  processing.core.PApplet.initSurface()Lprocessing/core/PSurface;+34
j  processing.core.PApplet.runSketch([Ljava/lang/String;Lprocessing/core/PApplet;)V+768
j  processing.core.PApplet.main(Ljava/lang/String;[Ljava/lang/String;)V+21
j  processing.core.PApplet.main(Ljava/lang/Class;[Ljava/lang/String;)V+5
j  a.examples.A座標の保存.main([Ljava/lang/String;)V+6
v  ~StubRoutines::call_stub

siginfo: si_signo: 4 (SIGILL), si_code: 1 (ILL_ILLOPC), si_addr: 0x00007ff80ca677a3

Register to memory mapping:

RAX=0xfeab3ad9342c00fb is an unknown value
RBX=0x0000600000fe7980 points into unknown readable memory: 0x43204e4920475542 | 42 55 47 20 49 4e 20 43
RCX=0x00000000d8002ffb is an unknown value
RDX=0x00000000d820307a is an unknown value
RSP=0x00007000062dbc90 is pointing into the stack for thread: 0x00007f9f5380fc00
RBP=0x00007000062dbca0 is pointing into the stack for thread: 0x00007f9f5380fc00
RSI=0x0000600000fe7c80 points into unknown readable memory: 0x000088129ad67c80 | 80 7c d6 9a 12 88 00 00
RDI=0x000000000000007f is an unknown value
R8 =0x0000000000003c80 is an unknown value
R9 =0x0000000000000080 is an unknown value
R10=0x00000000000007fb is an unknown value
R11=0x0000000000000080 is an unknown value
R12=0x000060000219e080 points into unknown readable memory: 0x011dfff84e2a60b1 | b1 60 2a 4e f8 ff 1d 01
R13={method} {0x0000000127a2e3b8} 'initIDs0' '()Z' in 'jogamp/newt/driver/macosx/WindowDriver'
R14=0x00007000062dbda8 is pointing into the stack for thread: 0x00007f9f5380fc00
R15=0x0 is NULL


Registers:
RAX=0xfeab3ad9342c00fb, RBX=0x0000600000fe7980, RCX=0x00000000d8002ffb, RDX=0x00000000d820307a
RSP=0x00007000062dbc90, RBP=0x00007000062dbca0, RSI=0x0000600000fe7c80, RDI=0x000000000000007f
R8 =0x0000000000003c80, R9 =0x0000000000000080, R10=0x00000000000007fb, R11=0x0000000000000080
R12=0x000060000219e080, R13=0x0000000127a2e3b8, R14=0x00007000062dbda8, R15=0x0000000000000000
RIP=0x00007ff80ca677a3, EFLAGS=0x0000000000010202, ERR=0x0000000000000000
  TRAPNO=0x0000000000000006

Top of Stack: (sp=0x00007000062dbc90)
0x00007000062dbc90:   0000600000fe7980 0000000127a2e3b8
0x00007000062dbca0:   00007000062dbcb0 00007ff80ca67740
0x00007000062dbcb0:   00007000062dbd60 00007ff8159207ec
0x00007000062dbcc0:   00000000000000d8 00007000062dc050
0x00007000062dbcd0:   00007f9f5380fc00 00000001328679f5
0x00007000062dbce0:   000000003285d9d0 000000080045bc28
0x00007000062dbcf0:   000000080045e7b8 000000000255f295
0x00007000062dbd00:   0000000000000000 00007f9f533045a0
0x00007000062dbd10:   00007000062dbd50 0000000105954d59
0x00007000062dbd20:   0000000000000000 00007f9f5380fc00
0x00007000062dbd30:   00007f9f5380fc00 0000000127a2e3b8
0x00007000062dbd40:   000060000219e080 0000000127a2e3b8
0x00007000062dbd50:   00007000062dbda8 0000000000000134
0x00007000062dbd60:   00007000062dbd90 00007ff815922cd1
0x00007000062dbd70:   0000000127a2e3b8 00007ff84eb11498
0x00007000062dbd80:   000060000219e080 00007f9f5380fc00
0x00007000062dbd90:   00007000062dbdd0 00007ff815922b99
0x00007000062dbda0:   0000000000000000 0000000000000000
0x00007000062dbdb0:   0000000127a2e3b8 0000000000000000
0x00007000062dbdc0:   00007000062dbf58 00007f9f5380fc00
0x00007000062dbdd0:   00007000062dbe30 0000000132865caf
0x00007000062dbde0:   0000000132867d87 0000000132867e2c
0x00007000062dbdf0:   00007000062dbe30 00007ff815933728
0x00007000062dbe00:   00006000034ae080 0000000127a2e3b8
0x00007000062dbe10:   0000000000000000 0000000127a2e3b8
0x00007000062dbe20:   000060000219e080 0000000127a2e3b8
0x00007000062dbe30:   00007000062dbe50 0000000132865c68
0x00007000062dbe40:   00007000062dbf58 000060000219e080
0x00007000062dbe50:   00007000062dbe90 0000000132863efc
0x00007000062dbe60:   000000010565c3c0 00007000062dbf50
0x00007000062dbe70:   00007f9f5380fea8 00000001328664de
0x00007000062dbe80:   000000013286c410 0000000500000005 

Instructions: (pc=0x00007ff80ca677a3)
0x00007ff80ca676a3:   5d c3 e8 b1 e1 02 00 90 90 55 48 89 e5 48 8b 07
0x00007ff80ca676b3:   0f b6 40 28 48 8d 48 ef 48 83 f9 02 73 13 48 8b
0x00007ff80ca676c3:   47 38 65 33 04 25 18 00 00 00 83 f8 04 73 0a 5d
0x00007ff80ca676d3:   c3 48 89 c7 e8 f8 e6 02 00 65 48 8b 0c 25 a0 00
0x00007ff80ca676e3:   00 00 48 85 c9 0f 94 c2 74 45 48 39 f9 74 40 65
0x00007ff80ca676f3:   48 8b 04 25 a8 00 00 00 48 8b 51 18 48 85 c0 74
0x00007ff80ca67703:   13 48 8b 30 48 85 d2 74 12 48 39 f1 75 08 48 8b
0x00007ff80ca67713:   40 08 eb 02 31 c0 48 89 d1 eb 07 48 8b 40 08 48
0x00007ff80ca67723:   89 f1 48 85 c9 0f 94 c2 74 05 48 39 f9 75 c9 84
0x00007ff80ca67733:   d2 74 9c be 01 00 00 00 e8 00 00 00 00 55 48 89
0x00007ff80ca67743:   e5 53 50 48 8d 5d f0 48 c7 03 00 00 00 00 48 8d
0x00007ff80ca67753:   05 d6 8a 03 00 48 8d 0d e2 50 03 00 85 f6 48 0f
0x00007ff80ca67763:   45 c8 4c 8b 47 48 4d 85 c0 4c 0f 44 c0 48 8d 35
0x00007ff80ca67773:   69 50 03 00 48 8d 15 92 50 03 00 48 89 df 31 c0
0x00007ff80ca67783:   e8 36 21 03 00 48 8b 1b 48 8d 3d b4 50 03 00 48
0x00007ff80ca67793:   89 de 31 c0 e8 86 d3 02 00 48 89 1d 85 0d a0 41
0x00007ff80ca677a3:   0f 0b 55 48 89 e5 48 8b 07 0f b6 40 28 48 8d 48
0x00007ff80ca677b3:   ef 48 83 f9 02 73 74 48 8b 47 38 65 33 04 25 18
0x00007ff80ca677c3:   00 00 00 83 f8 03 76 5c 65 48 8b 0c 25 a0 00 00
0x00007ff80ca677d3:   00 48 85 c9 0f 94 c2 74 45 48 39 f9 74 40 65 48
0x00007ff80ca677e3:   8b 04 25 a8 00 00 00 48 8b 51 18 48 85 c0 74 13
0x00007ff80ca677f3:   48 8b 30 48 85 d2 74 12 48 39 f1 75 08 48 8b 40
0x00007ff80ca67803:   08 eb 02 31 c0 48 89 d1 eb 07 48 8b 40 08 48 89
0x00007ff80ca67813:   f1 48 85 c9 0f 94 c2 74 05 48 39 f9 75 c9 84 d2
0x00007ff80ca67823:   74 02 5d c3 31 f6 e8 12 ff ff ff 48 89 c7 e8 b8
0x00007ff80ca67833:   e5 02 00 55 48 89 e5 53 50 48 89 fb e8 68 fe ff
0x00007ff80ca67843:   ff 66 83 7b 50 01 75 07 48 83 c4 08 5b 5d c3 48
0x00007ff80ca67853:   83 7b 18 00 74 0b 48 8b 43 38 48 0f ba e0 36 72
0x00007ff80ca67863:   e7 48 89 df e8 00 00 00 00 55 48 89 e5 53 50 48
0x00007ff80ca67873:   8d 5d f0 48 c7 03 00 00 00 00 48 8b 47 48 48 85
0x00007ff80ca67883:   c0 48 8d 0d a3 89 03 00 48 0f 45 c8 48 8d 35 b3
0x00007ff80ca67893:   4f 03 00 48 8d 15 73 4f 03 00 48 89 df 31 c0 e8 


Stack slot to memory mapping:
stack at sp + 0 slots: 0x0000600000fe7980 points into unknown readable memory: 0x43204e4920475542 | 42 55 47 20 49 4e 20 43
stack at sp + 1 slots: {method} {0x0000000127a2e3b8} 'initIDs0' '()Z' in 'jogamp/newt/driver/macosx/WindowDriver'
stack at sp + 2 slots: 0x00007000062dbcb0 is pointing into the stack for thread: 0x00007f9f5380fc00
stack at sp + 3 slots: 0x00007ff80ca67740: _dispatch_assert_queue_fail+0 in /usr/lib/system/libdispatch.dylib at 0x00007ff80ca63000
stack at sp + 4 slots: 0x00007000062dbd60 is pointing into the stack for thread: 0x00007f9f5380fc00
stack at sp + 5 slots: 0x00007ff8159207ec: islGetInputSourceListWithAdditions+0x77 in /System/Library/Frameworks/Carbon.framework/Versions/A/Frameworks/HIToolbox.framework/Versions/A/HIToolbox at 0x00007ff8158ec000
stack at sp + 6 slots: 0x00000000000000d8 is an unknown value
stack at sp + 7 slots: 0x00007000062dc050 is pointing into the stack for thread: 0x00007f9f5380fc00


---------------  P R O C E S S  ---------------

Threads class SMR info:
_java_thread_list=0x00006000021bb460, length=16, elements={
0x00007f9f5380fc00, 0x00007f9f52008600, 0x00007f9f548d9e00, 0x00007f9f5381ea00,
0x00007f9f52010800, 0x00007f9f52013200, 0x00007f9f52013800, 0x00007f9f51808200,
0x00007f9f548daa00, 0x00007f9f56858800, 0x00007f9f5380ac00, 0x00007f9f52811000,
0x00007f9f5692ba00, 0x00007f9f5386ce00, 0x00007f9f54921a00, 0x00007f9f54047c00
}

Java Threads: ( => current thread )
=>0x00007f9f5380fc00 JavaThread "main" [_thread_in_native, id=5891, stack(0x00007000061dd000,0x00007000062dd000)]
  0x00007f9f52008600 JavaThread "Reference Handler" daemon [_thread_blocked, id=17155, stack(0x00007000068f2000,0x00007000069f2000)]
  0x00007f9f548d9e00 JavaThread "Finalizer" daemon [_thread_blocked, id=16131, stack(0x00007000069f5000,0x0000700006af5000)]
  0x00007f9f5381ea00 JavaThread "Signal Dispatcher" daemon [_thread_blocked, id=22531, stack(0x0000700006bfe000,0x0000700006cfe000)]
  0x00007f9f52010800 JavaThread "Service Thread" daemon [_thread_blocked, id=22787, stack(0x0000700006d01000,0x0000700006e01000)]
  0x00007f9f52013200 JavaThread "Monitor Deflation Thread" daemon [_thread_blocked, id=41475, stack(0x0000700006e04000,0x0000700006f04000)]
  0x00007f9f52013800 JavaThread "C2 CompilerThread0" daemon [_thread_blocked, id=41219, stack(0x0000700006f07000,0x0000700007007000)]
  0x00007f9f51808200 JavaThread "C1 CompilerThread0" daemon [_thread_blocked, id=40963, stack(0x000070000700a000,0x000070000710a000)]
  0x00007f9f548daa00 JavaThread "Sweeper thread" daemon [_thread_blocked, id=40707, stack(0x000070000710d000,0x000070000720d000)]
  0x00007f9f56858800 JavaThread "Notification Thread" daemon [_thread_blocked, id=24067, stack(0x0000700007210000,0x0000700007310000)]
  0x00007f9f5380ac00 JavaThread "Common-Cleaner" daemon [_thread_blocked, id=39939, stack(0x0000700007416000,0x0000700007516000)]
  0x00007f9f52811000 JavaThread "AppKit Thread" daemon [_thread_in_native, id=259, stack(0x00007ff7bc0aa000,0x00007ff7bc8aa000)]
  0x00007f9f5692ba00 JavaThread "AWT-Shutdown" [_thread_blocked, id=35355, stack(0x000070000761c000,0x000070000771c000)]
  0x00007f9f5386ce00 JavaThread "Java2D Queue Flusher" daemon [_thread_blocked, id=81451, stack(0x0000700007519000,0x0000700007619000)]
  0x00007f9f54921a00 JavaThread "Java2D Disposer" daemon [_thread_blocked, id=76039, stack(0x00007000078a8000,0x00007000079a8000)]
  0x00007f9f54047c00 JavaThread "AWT-EventQueue-0" [_thread_blocked, id=57611, stack(0x00007000079ab000,0x0000700007aab000)]

Other Threads:
  0x00007f9f562077d0 VMThread "VM Thread" [stack: 0x00007000067ef000,0x00007000068ef000] [id=17923]
  0x00007f9f517087f0 WatcherThread [stack: 0x0000700007313000,0x0000700007413000] [id=40195]
  0x00007f9f53506ed0 GCTaskThread "GC Thread#0" [stack: 0x00007000062e0000,0x00007000063e0000] [id=12547]
  0x00007f9f53507570 ConcurrentGCThread "G1 Main Marker" [stack: 0x00007000063e3000,0x00007000064e3000] [id=13059]
  0x00007f9f53507df0 ConcurrentGCThread "G1 Conc#0" [stack: 0x00007000064e6000,0x00007000065e6000] [id=19715]
  0x00007f9f5350ae50 ConcurrentGCThread "G1 Refine#0" [stack: 0x00007000065e9000,0x00007000066e9000] [id=19203]
  0x00007f9f5350b6e0 ConcurrentGCThread "G1 Service" [stack: 0x00007000066ec000,0x00007000067ec000] [id=14083]

Threads with active compile tasks:

VM state: not at safepoint (normal execution)

VM Mutex/Monitor currently owned by a thread: None

Heap address: 0x0000000700000000, size: 4096 MB, Compressed Oops mode: Zero based, Oop shift amount: 3

CDS archive(s) mapped at: [0x0000000800000000-0x0000000800bd8000-0x0000000800bd8000), size 12419072, SharedBaseAddress: 0x0000000800000000, ArchiveRelocationMode: 0.
Compressed class space mapped at: 0x0000000800c00000-0x0000000840c00000, reserved size: 1073741824
Narrow klass base: 0x0000000800000000, Narrow klass shift: 0, Narrow klass range: 0x100000000

GC Precious Log:
 CPUs: 12 total, 12 available
 Memory: 16384M
 Large Page Support: Disabled
 NUMA Support: Disabled
 Compressed Oops: Enabled (Zero based)
 Heap Region Size: 2M
 Heap Min Capacity: 8M
 Heap Initial Capacity: 256M
 Heap Max Capacity: 4G
 Pre-touch: Disabled
 Parallel Workers: 10
 Concurrent Workers: 3
 Concurrent Refinement Workers: 10
 Periodic GC: Disabled

Heap:
 garbage-first heap   total 266240K, used 12244K [0x0000000700000000, 0x0000000800000000)
  region size 2048K, 6 young (12288K), 0 survivors (0K)
 Metaspace       used 6987K, committed 7168K, reserved 1056768K
  class space    used 619K, committed 704K, reserved 1048576K

Heap Regions: E=young(eden), S=young(survivor), O=old, HS=humongous(starts), HC=humongous(continues), CS=collection set, F=free, OA=open archive, CA=closed archive, TAMS=top-at-mark-start (previous, next)
|   0|0x0000000700000000, 0x0000000700000000, 0x0000000700200000|  0%| F|  |TAMS 0x0000000700000000, 0x0000000700000000| Untracked 
|   1|0x0000000700200000, 0x0000000700200000, 0x0000000700400000|  0%| F|  |TAMS 0x0000000700200000, 0x0000000700200000| Untracked 
|   2|0x0000000700400000, 0x0000000700400000, 0x0000000700600000|  0%| F|  |TAMS 0x0000000700400000, 0x0000000700400000| Untracked 
|   3|0x0000000700600000, 0x0000000700600000, 0x0000000700800000|  0%| F|  |TAMS 0x0000000700600000, 0x0000000700600000| Untracked 
|   4|0x0000000700800000, 0x0000000700800000, 0x0000000700a00000|  0%| F|  |TAMS 0x0000000700800000, 0x0000000700800000| Untracked 
|   5|0x0000000700a00000, 0x0000000700a00000, 0x0000000700c00000|  0%| F|  |TAMS 0x0000000700a00000, 0x0000000700a00000| Untracked 
|   6|0x0000000700c00000, 0x0000000700c00000, 0x0000000700e00000|  0%| F|  |TAMS 0x0000000700c00000, 0x0000000700c00000| Untracked 
|   7|0x0000000700e00000, 0x0000000700e00000, 0x0000000701000000|  0%| F|  |TAMS 0x0000000700e00000, 0x0000000700e00000| Untracked 
|   8|0x0000000701000000, 0x0000000701000000, 0x0000000701200000|  0%| F|  |TAMS 0x0000000701000000, 0x0000000701000000| Untracked 
|   9|0x0000000701200000, 0x0000000701200000, 0x0000000701400000|  0%| F|  |TAMS 0x0000000701200000, 0x0000000701200000| Untracked 
|  10|0x0000000701400000, 0x0000000701400000, 0x0000000701600000|  0%| F|  |TAMS 0x0000000701400000, 0x0000000701400000| Untracked 
|  11|0x0000000701600000, 0x0000000701600000, 0x0000000701800000|  0%| F|  |TAMS 0x0000000701600000, 0x0000000701600000| Untracked 
|  12|0x0000000701800000, 0x0000000701800000, 0x0000000701a00000|  0%| F|  |TAMS 0x0000000701800000, 0x0000000701800000| Untracked 
|  13|0x0000000701a00000, 0x0000000701a00000, 0x0000000701c00000|  0%| F|  |TAMS 0x0000000701a00000, 0x0000000701a00000| Untracked 
|  14|0x0000000701c00000, 0x0000000701c00000, 0x0000000701e00000|  0%| F|  |TAMS 0x0000000701c00000, 0x0000000701c00000| Untracked 
|  15|0x0000000701e00000, 0x0000000701e00000, 0x0000000702000000|  0%| F|  |TAMS 0x0000000701e00000, 0x0000000701e00000| Untracked 
|  16|0x0000000702000000, 0x0000000702000000, 0x0000000702200000|  0%| F|  |TAMS 0x0000000702000000, 0x0000000702000000| Untracked 
|  17|0x0000000702200000, 0x0000000702200000, 0x0000000702400000|  0%| F|  |TAMS 0x0000000702200000, 0x0000000702200000| Untracked 
|  18|0x0000000702400000, 0x0000000702400000, 0x0000000702600000|  0%| F|  |TAMS 0x0000000702400000, 0x0000000702400000| Untracked 
|  19|0x0000000702600000, 0x0000000702600000, 0x0000000702800000|  0%| F|  |TAMS 0x0000000702600000, 0x0000000702600000| Untracked 
|  20|0x0000000702800000, 0x0000000702800000, 0x0000000702a00000|  0%| F|  |TAMS 0x0000000702800000, 0x0000000702800000| Untracked 
|  21|0x0000000702a00000, 0x0000000702a00000, 0x0000000702c00000|  0%| F|  |TAMS 0x0000000702a00000, 0x0000000702a00000| Untracked 
|  22|0x0000000702c00000, 0x0000000702c00000, 0x0000000702e00000|  0%| F|  |TAMS 0x0000000702c00000, 0x0000000702c00000| Untracked 
|  23|0x0000000702e00000, 0x0000000702e00000, 0x0000000703000000|  0%| F|  |TAMS 0x0000000702e00000, 0x0000000702e00000| Untracked 
|  24|0x0000000703000000, 0x0000000703000000, 0x0000000703200000|  0%| F|  |TAMS 0x0000000703000000, 0x0000000703000000| Untracked 
|  25|0x0000000703200000, 0x0000000703200000, 0x0000000703400000|  0%| F|  |TAMS 0x0000000703200000, 0x0000000703200000| Untracked 
|  26|0x0000000703400000, 0x0000000703400000, 0x0000000703600000|  0%| F|  |TAMS 0x0000000703400000, 0x0000000703400000| Untracked 
|  27|0x0000000703600000, 0x0000000703600000, 0x0000000703800000|  0%| F|  |TAMS 0x0000000703600000, 0x0000000703600000| Untracked 
|  28|0x0000000703800000, 0x0000000703800000, 0x0000000703a00000|  0%| F|  |TAMS 0x0000000703800000, 0x0000000703800000| Untracked 
|  29|0x0000000703a00000, 0x0000000703a00000, 0x0000000703c00000|  0%| F|  |TAMS 0x0000000703a00000, 0x0000000703a00000| Untracked 
|  30|0x0000000703c00000, 0x0000000703c00000, 0x0000000703e00000|  0%| F|  |TAMS 0x0000000703c00000, 0x0000000703c00000| Untracked 
|  31|0x0000000703e00000, 0x0000000703e00000, 0x0000000704000000|  0%| F|  |TAMS 0x0000000703e00000, 0x0000000703e00000| Untracked 
|  32|0x0000000704000000, 0x0000000704000000, 0x0000000704200000|  0%| F|  |TAMS 0x0000000704000000, 0x0000000704000000| Untracked 
|  33|0x0000000704200000, 0x0000000704200000, 0x0000000704400000|  0%| F|  |TAMS 0x0000000704200000, 0x0000000704200000| Untracked 
|  34|0x0000000704400000, 0x0000000704400000, 0x0000000704600000|  0%| F|  |TAMS 0x0000000704400000, 0x0000000704400000| Untracked 
|  35|0x0000000704600000, 0x0000000704600000, 0x0000000704800000|  0%| F|  |TAMS 0x0000000704600000, 0x0000000704600000| Untracked 
|  36|0x0000000704800000, 0x0000000704800000, 0x0000000704a00000|  0%| F|  |TAMS 0x0000000704800000, 0x0000000704800000| Untracked 
|  37|0x0000000704a00000, 0x0000000704a00000, 0x0000000704c00000|  0%| F|  |TAMS 0x0000000704a00000, 0x0000000704a00000| Untracked 
|  38|0x0000000704c00000, 0x0000000704c00000, 0x0000000704e00000|  0%| F|  |TAMS 0x0000000704c00000, 0x0000000704c00000| Untracked 
|  39|0x0000000704e00000, 0x0000000704e00000, 0x0000000705000000|  0%| F|  |TAMS 0x0000000704e00000, 0x0000000704e00000| Untracked 
|  40|0x0000000705000000, 0x0000000705000000, 0x0000000705200000|  0%| F|  |TAMS 0x0000000705000000, 0x0000000705000000| Untracked 
|  41|0x0000000705200000, 0x0000000705200000, 0x0000000705400000|  0%| F|  |TAMS 0x0000000705200000, 0x0000000705200000| Untracked 
|  42|0x0000000705400000, 0x0000000705400000, 0x0000000705600000|  0%| F|  |TAMS 0x0000000705400000, 0x0000000705400000| Untracked 
|  43|0x0000000705600000, 0x0000000705600000, 0x0000000705800000|  0%| F|  |TAMS 0x0000000705600000, 0x0000000705600000| Untracked 
|  44|0x0000000705800000, 0x0000000705800000, 0x0000000705a00000|  0%| F|  |TAMS 0x0000000705800000, 0x0000000705800000| Untracked 
|  45|0x0000000705a00000, 0x0000000705a00000, 0x0000000705c00000|  0%| F|  |TAMS 0x0000000705a00000, 0x0000000705a00000| Untracked 
|  46|0x0000000705c00000, 0x0000000705c00000, 0x0000000705e00000|  0%| F|  |TAMS 0x0000000705c00000, 0x0000000705c00000| Untracked 
|  47|0x0000000705e00000, 0x0000000705e00000, 0x0000000706000000|  0%| F|  |TAMS 0x0000000705e00000, 0x0000000705e00000| Untracked 
|  48|0x0000000706000000, 0x0000000706000000, 0x0000000706200000|  0%| F|  |TAMS 0x0000000706000000, 0x0000000706000000| Untracked 
|  49|0x0000000706200000, 0x0000000706200000, 0x0000000706400000|  0%| F|  |TAMS 0x0000000706200000, 0x0000000706200000| Untracked 
|  50|0x0000000706400000, 0x0000000706400000, 0x0000000706600000|  0%| F|  |TAMS 0x0000000706400000, 0x0000000706400000| Untracked 
|  51|0x0000000706600000, 0x0000000706600000, 0x0000000706800000|  0%| F|  |TAMS 0x0000000706600000, 0x0000000706600000| Untracked 
|  52|0x0000000706800000, 0x0000000706800000, 0x0000000706a00000|  0%| F|  |TAMS 0x0000000706800000, 0x0000000706800000| Untracked 
|  53|0x0000000706a00000, 0x0000000706a00000, 0x0000000706c00000|  0%| F|  |TAMS 0x0000000706a00000, 0x0000000706a00000| Untracked 
|  54|0x0000000706c00000, 0x0000000706c00000, 0x0000000706e00000|  0%| F|  |TAMS 0x0000000706c00000, 0x0000000706c00000| Untracked 
|  55|0x0000000706e00000, 0x0000000706e00000, 0x0000000707000000|  0%| F|  |TAMS 0x0000000706e00000, 0x0000000706e00000| Untracked 
|  56|0x0000000707000000, 0x0000000707000000, 0x0000000707200000|  0%| F|  |TAMS 0x0000000707000000, 0x0000000707000000| Untracked 
|  57|0x0000000707200000, 0x0000000707200000, 0x0000000707400000|  0%| F|  |TAMS 0x0000000707200000, 0x0000000707200000| Untracked 
|  58|0x0000000707400000, 0x0000000707400000, 0x0000000707600000|  0%| F|  |TAMS 0x0000000707400000, 0x0000000707400000| Untracked 
|  59|0x0000000707600000, 0x0000000707600000, 0x0000000707800000|  0%| F|  |TAMS 0x0000000707600000, 0x0000000707600000| Untracked 
|  60|0x0000000707800000, 0x0000000707800000, 0x0000000707a00000|  0%| F|  |TAMS 0x0000000707800000, 0x0000000707800000| Untracked 
|  61|0x0000000707a00000, 0x0000000707a00000, 0x0000000707c00000|  0%| F|  |TAMS 0x0000000707a00000, 0x0000000707a00000| Untracked 
|  62|0x0000000707c00000, 0x0000000707c00000, 0x0000000707e00000|  0%| F|  |TAMS 0x0000000707c00000, 0x0000000707c00000| Untracked 
|  63|0x0000000707e00000, 0x0000000707e00000, 0x0000000708000000|  0%| F|  |TAMS 0x0000000707e00000, 0x0000000707e00000| Untracked 
|  64|0x0000000708000000, 0x0000000708000000, 0x0000000708200000|  0%| F|  |TAMS 0x0000000708000000, 0x0000000708000000| Untracked 
|  65|0x0000000708200000, 0x0000000708200000, 0x0000000708400000|  0%| F|  |TAMS 0x0000000708200000, 0x0000000708200000| Untracked 
|  66|0x0000000708400000, 0x0000000708400000, 0x0000000708600000|  0%| F|  |TAMS 0x0000000708400000, 0x0000000708400000| Untracked 
|  67|0x0000000708600000, 0x0000000708600000, 0x0000000708800000|  0%| F|  |TAMS 0x0000000708600000, 0x0000000708600000| Untracked 
|  68|0x0000000708800000, 0x0000000708800000, 0x0000000708a00000|  0%| F|  |TAMS 0x0000000708800000, 0x0000000708800000| Untracked 
|  69|0x0000000708a00000, 0x0000000708a00000, 0x0000000708c00000|  0%| F|  |TAMS 0x0000000708a00000, 0x0000000708a00000| Untracked 
|  70|0x0000000708c00000, 0x0000000708c00000, 0x0000000708e00000|  0%| F|  |TAMS 0x0000000708c00000, 0x0000000708c00000| Untracked 
|  71|0x0000000708e00000, 0x0000000708e00000, 0x0000000709000000|  0%| F|  |TAMS 0x0000000708e00000, 0x0000000708e00000| Untracked 
|  72|0x0000000709000000, 0x0000000709000000, 0x0000000709200000|  0%| F|  |TAMS 0x0000000709000000, 0x0000000709000000| Untracked 
|  73|0x0000000709200000, 0x0000000709200000, 0x0000000709400000|  0%| F|  |TAMS 0x0000000709200000, 0x0000000709200000| Untracked 
|  74|0x0000000709400000, 0x0000000709400000, 0x0000000709600000|  0%| F|  |TAMS 0x0000000709400000, 0x0000000709400000| Untracked 
|  75|0x0000000709600000, 0x0000000709600000, 0x0000000709800000|  0%| F|  |TAMS 0x0000000709600000, 0x0000000709600000| Untracked 
|  76|0x0000000709800000, 0x0000000709800000, 0x0000000709a00000|  0%| F|  |TAMS 0x0000000709800000, 0x0000000709800000| Untracked 
|  77|0x0000000709a00000, 0x0000000709a00000, 0x0000000709c00000|  0%| F|  |TAMS 0x0000000709a00000, 0x0000000709a00000| Untracked 
|  78|0x0000000709c00000, 0x0000000709c00000, 0x0000000709e00000|  0%| F|  |TAMS 0x0000000709c00000, 0x0000000709c00000| Untracked 
|  79|0x0000000709e00000, 0x0000000709e00000, 0x000000070a000000|  0%| F|  |TAMS 0x0000000709e00000, 0x0000000709e00000| Untracked 
|  80|0x000000070a000000, 0x000000070a000000, 0x000000070a200000|  0%| F|  |TAMS 0x000000070a000000, 0x000000070a000000| Untracked 
|  81|0x000000070a200000, 0x000000070a200000, 0x000000070a400000|  0%| F|  |TAMS 0x000000070a200000, 0x000000070a200000| Untracked 
|  82|0x000000070a400000, 0x000000070a400000, 0x000000070a600000|  0%| F|  |TAMS 0x000000070a400000, 0x000000070a400000| Untracked 
|  83|0x000000070a600000, 0x000000070a600000, 0x000000070a800000|  0%| F|  |TAMS 0x000000070a600000, 0x000000070a600000| Untracked 
|  84|0x000000070a800000, 0x000000070a800000, 0x000000070aa00000|  0%| F|  |TAMS 0x000000070a800000, 0x000000070a800000| Untracked 
|  85|0x000000070aa00000, 0x000000070aa00000, 0x000000070ac00000|  0%| F|  |TAMS 0x000000070aa00000, 0x000000070aa00000| Untracked 
|  86|0x000000070ac00000, 0x000000070ac00000, 0x000000070ae00000|  0%| F|  |TAMS 0x000000070ac00000, 0x000000070ac00000| Untracked 
|  87|0x000000070ae00000, 0x000000070ae00000, 0x000000070b000000|  0%| F|  |TAMS 0x000000070ae00000, 0x000000070ae00000| Untracked 
|  88|0x000000070b000000, 0x000000070b000000, 0x000000070b200000|  0%| F|  |TAMS 0x000000070b000000, 0x000000070b000000| Untracked 
|  89|0x000000070b200000, 0x000000070b200000, 0x000000070b400000|  0%| F|  |TAMS 0x000000070b200000, 0x000000070b200000| Untracked 
|  90|0x000000070b400000, 0x000000070b400000, 0x000000070b600000|  0%| F|  |TAMS 0x000000070b400000, 0x000000070b400000| Untracked 
|  91|0x000000070b600000, 0x000000070b600000, 0x000000070b800000|  0%| F|  |TAMS 0x000000070b600000, 0x000000070b600000| Untracked 
|  92|0x000000070b800000, 0x000000070b800000, 0x000000070ba00000|  0%| F|  |TAMS 0x000000070b800000, 0x000000070b800000| Untracked 
|  93|0x000000070ba00000, 0x000000070ba00000, 0x000000070bc00000|  0%| F|  |TAMS 0x000000070ba00000, 0x000000070ba00000| Untracked 
|  94|0x000000070bc00000, 0x000000070bc00000, 0x000000070be00000|  0%| F|  |TAMS 0x000000070bc00000, 0x000000070bc00000| Untracked 
|  95|0x000000070be00000, 0x000000070be00000, 0x000000070c000000|  0%| F|  |TAMS 0x000000070be00000, 0x000000070be00000| Untracked 
|  96|0x000000070c000000, 0x000000070c000000, 0x000000070c200000|  0%| F|  |TAMS 0x000000070c000000, 0x000000070c000000| Untracked 
|  97|0x000000070c200000, 0x000000070c200000, 0x000000070c400000|  0%| F|  |TAMS 0x000000070c200000, 0x000000070c200000| Untracked 
|  98|0x000000070c400000, 0x000000070c400000, 0x000000070c600000|  0%| F|  |TAMS 0x000000070c400000, 0x000000070c400000| Untracked 
|  99|0x000000070c600000, 0x000000070c600000, 0x000000070c800000|  0%| F|  |TAMS 0x000000070c600000, 0x000000070c600000| Untracked 
| 100|0x000000070c800000, 0x000000070c800000, 0x000000070ca00000|  0%| F|  |TAMS 0x000000070c800000, 0x000000070c800000| Untracked 
| 101|0x000000070ca00000, 0x000000070ca00000, 0x000000070cc00000|  0%| F|  |TAMS 0x000000070ca00000, 0x000000070ca00000| Untracked 
| 102|0x000000070cc00000, 0x000000070cc00000, 0x000000070ce00000|  0%| F|  |TAMS 0x000000070cc00000, 0x000000070cc00000| Untracked 
| 103|0x000000070ce00000, 0x000000070ce00000, 0x000000070d000000|  0%| F|  |TAMS 0x000000070ce00000, 0x000000070ce00000| Untracked 
| 104|0x000000070d000000, 0x000000070d000000, 0x000000070d200000|  0%| F|  |TAMS 0x000000070d000000, 0x000000070d000000| Untracked 
| 105|0x000000070d200000, 0x000000070d200000, 0x000000070d400000|  0%| F|  |TAMS 0x000000070d200000, 0x000000070d200000| Untracked 
| 106|0x000000070d400000, 0x000000070d400000, 0x000000070d600000|  0%| F|  |TAMS 0x000000070d400000, 0x000000070d400000| Untracked 
| 107|0x000000070d600000, 0x000000070d600000, 0x000000070d800000|  0%| F|  |TAMS 0x000000070d600000, 0x000000070d600000| Untracked 
| 108|0x000000070d800000, 0x000000070d800000, 0x000000070da00000|  0%| F|  |TAMS 0x000000070d800000, 0x000000070d800000| Untracked 
| 109|0x000000070da00000, 0x000000070da00000, 0x000000070dc00000|  0%| F|  |TAMS 0x000000070da00000, 0x000000070da00000| Untracked 
| 110|0x000000070dc00000, 0x000000070dc00000, 0x000000070de00000|  0%| F|  |TAMS 0x000000070dc00000, 0x000000070dc00000| Untracked 
| 111|0x000000070de00000, 0x000000070de00000, 0x000000070e000000|  0%| F|  |TAMS 0x000000070de00000, 0x000000070de00000| Untracked 
| 112|0x000000070e000000, 0x000000070e000000, 0x000000070e200000|  0%| F|  |TAMS 0x000000070e000000, 0x000000070e000000| Untracked 
| 113|0x000000070e200000, 0x000000070e200000, 0x000000070e400000|  0%| F|  |TAMS 0x000000070e200000, 0x000000070e200000| Untracked 
| 114|0x000000070e400000, 0x000000070e400000, 0x000000070e600000|  0%| F|  |TAMS 0x000000070e400000, 0x000000070e400000| Untracked 
| 115|0x000000070e600000, 0x000000070e600000, 0x000000070e800000|  0%| F|  |TAMS 0x000000070e600000, 0x000000070e600000| Untracked 
| 116|0x000000070e800000, 0x000000070e800000, 0x000000070ea00000|  0%| F|  |TAMS 0x000000070e800000, 0x000000070e800000| Untracked 
| 117|0x000000070ea00000, 0x000000070ea00000, 0x000000070ec00000|  0%| F|  |TAMS 0x000000070ea00000, 0x000000070ea00000| Untracked 
| 118|0x000000070ec00000, 0x000000070ec00000, 0x000000070ee00000|  0%| F|  |TAMS 0x000000070ec00000, 0x000000070ec00000| Untracked 
| 119|0x000000070ee00000, 0x000000070ee00000, 0x000000070f000000|  0%| F|  |TAMS 0x000000070ee00000, 0x000000070ee00000| Untracked 
| 120|0x000000070f000000, 0x000000070f000000, 0x000000070f200000|  0%| F|  |TAMS 0x000000070f000000, 0x000000070f000000| Untracked 
| 121|0x000000070f200000, 0x000000070f200000, 0x000000070f400000|  0%| F|  |TAMS 0x000000070f200000, 0x000000070f200000| Untracked 
| 122|0x000000070f400000, 0x000000070f4e6000, 0x000000070f600000| 44%| E|  |TAMS 0x000000070f400000, 0x000000070f400000| Complete 
| 123|0x000000070f600000, 0x000000070f800000, 0x000000070f800000|100%| E|CS|TAMS 0x000000070f600000, 0x000000070f600000| Complete 
| 124|0x000000070f800000, 0x000000070fa00000, 0x000000070fa00000|100%| E|CS|TAMS 0x000000070f800000, 0x000000070f800000| Complete 
| 125|0x000000070fa00000, 0x000000070fc00000, 0x000000070fc00000|100%| E|CS|TAMS 0x000000070fa00000, 0x000000070fa00000| Complete 
| 126|0x000000070fc00000, 0x000000070fe00000, 0x000000070fe00000|100%| E|CS|TAMS 0x000000070fc00000, 0x000000070fc00000| Complete 
| 127|0x000000070fe00000, 0x0000000710000000, 0x0000000710000000|100%| E|CS|TAMS 0x000000070fe00000, 0x000000070fe00000| Complete 
|2046|0x00000007ffc00000, 0x00000007ffd76000, 0x00000007ffe00000| 73%|OA|  |TAMS 0x00000007ffc00000, 0x00000007ffc00000| Untracked 
|2047|0x00000007ffe00000, 0x00000007ffe7f000, 0x0000000800000000| 24%|CA|  |TAMS 0x00000007ffe00000, 0x00000007ffe00000| Untracked 

Card table byte_map: [0x00000001048f4000,0x00000001050f4000] _byte_map_base: 0x00000001010f4000

Marking Bits (Prev, Next): (CMBitMap*) 0x00007f9f54822410, (CMBitMap*) 0x00007f9f54822450
 Prev Bits: [0x000000011d0ba000, 0x00000001210ba000)
 Next Bits: [0x00000001210ba000, 0x00000001250ba000)

Polling page: 0x000000010377c000

Metaspace:

Usage:
  Non-class:      6.22 MB used.
      Class:    619.99 KB used.
       Both:      6.82 MB used.

Virtual space:
  Non-class space:        8.00 MB reserved,       6.31 MB ( 79%) committed,  1 nodes.
      Class space:        1.00 GB reserved,     704.00 KB ( <1%) committed,  1 nodes.
             Both:        1.01 GB reserved,       7.00 MB ( <1%) committed. 

Chunk freelists:
   Non-Class:  1.61 MB
       Class:  3.17 MB
        Both:  4.78 MB

MaxMetaspaceSize: unlimited
CompressedClassSpaceSize: 1.00 GB
Initial GC threshold: 21.00 MB
Current GC threshold: 21.00 MB
CDS: on
MetaspaceReclaimPolicy: balanced
 - commit_granule_bytes: 65536.
 - commit_granule_words: 8192.
 - virtual_space_node_default_size: 1048576.
 - enlarge_chunks_in_place: 1.
 - new_chunks_are_fully_committed: 0.
 - uncommit_free_chunks: 1.
 - use_allocation_guard: 0.
 - handle_deallocations: 1.


Internal statistics:

num_allocs_failed_limit: 0.
num_arena_births: 76.
num_arena_deaths: 0.
num_vsnodes_births: 2.
num_vsnodes_deaths: 0.
num_space_committed: 112.
num_space_uncommitted: 0.
num_chunks_returned_to_freelist: 0.
num_chunks_taken_from_freelist: 184.
num_chunk_merges: 0.
num_chunk_splits: 134.
num_chunks_enlarged: 98.
num_purges: 0.
num_inconsistent_stats: 0.

CodeHeap 'non-profiled nmethods': size=120028Kb used=184Kb max_used=184Kb free=119843Kb
 bounds [0x0000000115383000, 0x00000001155f3000, 0x000000011c8ba000]
CodeHeap 'profiled nmethods': size=120028Kb used=1007Kb max_used=1007Kb free=119020Kb
 bounds [0x000000010de4c000, 0x000000010e0bc000, 0x0000000115383000]
CodeHeap 'non-nmethods': size=5704Kb used=1279Kb max_used=1294Kb free=4424Kb
 bounds [0x000000010d8ba000, 0x000000010db2a000, 0x000000010de4c000]
 total_blobs=1210 nmethods=597 adapters=527
 compilation: enabled
              stopped_count=0, restarted_count=0
 full_count=0

Compilation events (20 events):
Event: 0.825 Thread 0x00007f9f51808200  587       3       java.lang.ref.Reference::clear (5 bytes)
Event: 0.825 Thread 0x00007f9f51808200 nmethod 587 0x000000010df3e590 code [0x000000010df3e740, 0x000000010df3e880]
Event: 0.825 Thread 0x00007f9f51808200  588   !   3       jdk.internal.loader.BuiltinClassLoader::findClassOnClassPathOrNull (64 bytes)
Event: 0.826 Thread 0x00007f9f52013800 nmethod 585 0x00000001153b0110 code [0x00000001153b02a0, 0x00000001153b0598]
Event: 0.826 Thread 0x00007f9f51808200 nmethod 588 0x000000010df3e910 code [0x000000010df3ece0, 0x000000010df40460]
Event: 0.826 Thread 0x00007f9f51808200  589       3       java.util.zip.ZipCoder$UTF8ZipCoder::hasTrailingSlash (20 bytes)
Event: 0.826 Thread 0x00007f9f51808200 nmethod 589 0x000000010df40d10 code [0x000000010df40ec0, 0x000000010df41090]
Event: 0.826 Thread 0x00007f9f51808200  590       3       java.util.Collections$SetFromMap::add (22 bytes)
Event: 0.826 Thread 0x00007f9f51808200 nmethod 590 0x000000010df41190 code [0x000000010df41340, 0x000000010df41580]
Event: 0.828 Thread 0x00007f9f51808200  591       3       jdk.internal.ref.PhantomCleanable::<init> (49 bytes)
Event: 0.829 Thread 0x00007f9f52013800  594       4       java.lang.String::startsWith (138 bytes)
Event: 0.829 Thread 0x00007f9f51808200 nmethod 591 0x000000010df41690 code [0x000000010df418e0, 0x000000010df42430]
Event: 0.829 Thread 0x00007f9f51808200  592   !   3       java.util.zip.ZipFile::getInputStream (275 bytes)
Event: 0.829 Thread 0x00007f9f51808200 nmethod 592 0x000000010df42790 code [0x000000010df42a80, 0x000000010df43be0]
Event: 0.829 Thread 0x00007f9f51808200  593       3       java.util.zip.ZipFile$ZipFileInputStream::<init> (96 bytes)
Event: 0.830 Thread 0x00007f9f51808200 nmethod 593 0x000000010df44690 code [0x000000010df448e0, 0x000000010df45340]
Event: 0.830 Thread 0x00007f9f51808200  596       3       java.net.URL::toString (5 bytes)
Event: 0.830 Thread 0x00007f9f51808200 nmethod 596 0x000000010df45790 code [0x000000010df45940, 0x000000010df45b60]
Event: 0.830 Thread 0x00007f9f51808200  597       3       java.io.UnixFileSystem::resolve (101 bytes)
Event: 0.831 Thread 0x00007f9f51808200 nmethod 597 0x000000010df45c90 code [0x000000010df460a0, 0x000000010df47710]

GC Heap History (0 events):
No events

Deoptimization events (14 events):
Event: 0.097 Thread 0x00007f9f5380fc00 Uncommon trap: trap_request=0xffffff45 fr.pc=0x0000000115383a10 relative=0x0000000000000270
Event: 0.097 Thread 0x00007f9f5380fc00 Uncommon trap: reason=unstable_if action=reinterpret pc=0x0000000115383a10 method=java.util.zip.ZipCoder$UTF8ZipCoder.checkedHash([BII)I @ 75 c2
Event: 0.097 Thread 0x00007f9f5380fc00 DEOPT PACKING pc=0x0000000115383a10 sp=0x00007000062da480
Event: 0.097 Thread 0x00007f9f5380fc00 DEOPT UNPACKING pc=0x000000010d90c099 sp=0x00007000062da410 mode 2
Event: 0.325 Thread 0x00007f9f5380fc00 DEOPT PACKING pc=0x000000010de5f8da sp=0x00007000062d54d0
Event: 0.325 Thread 0x00007f9f5380fc00 DEOPT UNPACKING pc=0x000000010d90c82f sp=0x00007000062d4910 mode 0
Event: 0.338 Thread 0x00007f9f5380fc00 DEOPT PACKING pc=0x000000010de4dfce sp=0x00007000062d5b60
Event: 0.338 Thread 0x00007f9f5380fc00 DEOPT UNPACKING pc=0x000000010d90c82f sp=0x00007000062d4ff8 mode 0
Event: 0.343 Thread 0x00007f9f5380fc00 DEOPT PACKING pc=0x000000010de58aee sp=0x00007000062d72c0
Event: 0.343 Thread 0x00007f9f5380fc00 DEOPT UNPACKING pc=0x000000010d90c82f sp=0x00007000062d6730 mode 0
Event: 0.377 Thread 0x00007f9f5380fc00 Uncommon trap: trap_request=0xffffff45 fr.pc=0x00000001153a5864 relative=0x0000000000000344
Event: 0.377 Thread 0x00007f9f5380fc00 Uncommon trap: reason=unstable_if action=reinterpret pc=0x00000001153a5864 method=java.lang.String.startsWith(Ljava/lang/String;I)Z @ 1 c2
Event: 0.377 Thread 0x00007f9f5380fc00 DEOPT PACKING pc=0x00000001153a5864 sp=0x00007000062d9920
Event: 0.377 Thread 0x00007f9f5380fc00 DEOPT UNPACKING pc=0x000000010d90c099 sp=0x00007000062d98a8 mode 2

Classes unloaded (0 events):
No events

Classes redefined (0 events):
No events

Internal exceptions (11 events):
Event: 0.054 Thread 0x00007f9f5380fc00 Exception <a 'java/lang/NoSuchMethodError'{0x000000070ff5d1b0}: 'void java.lang.invoke.DirectMethodHandle$Holder.invokeStatic(java.lang.Object, java.lang.Object, java.lang.Object)'> (0x000000070ff5d1b0) 
thrown [open/src/hotspot/share/interpreter/linkResolver.cpp, line 766]
Event: 0.064 Thread 0x00007f9f5380fc00 Exception <a 'java/lang/ClassNotFoundException'{0x000000070ffa4520}: sun/awt/resources/spi/awtProvider> (0x000000070ffa4520) 
thrown [open/src/hotspot/share/classfile/systemDictionary.cpp, line 256]
Event: 0.081 Thread 0x00007f9f5380fc00 Exception <a 'java/io/FileNotFoundException'{0x000000070fff6db8}> (0x000000070fff6db8) 
thrown [open/src/hotspot/share/prims/jni.cpp, line 516]
Event: 0.086 Thread 0x00007f9f5380fc00 Exception <a 'java/io/FileNotFoundException'{0x000000070fc24540}> (0x000000070fc24540) 
thrown [open/src/hotspot/share/prims/jni.cpp, line 516]
Event: 0.087 Thread 0x00007f9f5380fc00 Exception <a 'java/lang/NoSuchMethodError'{0x000000070fc25968}: 'java.lang.Object java.lang.invoke.DirectMethodHandle$Holder.invokeStaticInit(java.lang.Object)'> (0x000000070fc25968) 
thrown [open/src/hotspot/share/interpreter/linkResolver.cpp, line 766]
Event: 0.089 Thread 0x00007f9f5380fc00 Exception <a 'java/lang/ClassNotFoundException'{0x000000070fc2bc30}: sun/awt/resources/spi/awtosxProvider> (0x000000070fc2bc30) 
thrown [open/src/hotspot/share/classfile/systemDictionary.cpp, line 256]
Event: 0.243 Thread 0x00007f9f5380fc00 Exception <a 'java/lang/NoSuchMethodError'{0x000000070fdb94e0}: 'void java.lang.invoke.DirectMethodHandle$Holder.invokeStatic(java.lang.Object, java.lang.Object, java.lang.Object, java.lang.Object)'> (0x000000070fdb94e0) 
thrown [open/src/hotspot/share/interpreter/linkResolver.cpp, line 766]
Event: 0.284 Thread 0x00007f9f5380fc00 Exception <a 'java/lang/NoSuchMethodError'{0x000000070fdca838}: 'void java.lang.invoke.DirectMethodHandle$Holder.invokeStatic(java.lang.Object, java.lang.Object)'> (0x000000070fdca838) 
thrown [open/src/hotspot/share/interpreter/linkResolver.cpp, line 766]
Event: 0.405 Thread 0x00007f9f5380fc00 Exception <a 'java/lang/UnsatisfiedLinkError'{0x000000070f6482b0}: 'boolean com.jogamp.common.util.JarUtil.fixNativeLibAttribs(java.lang.String)'> (0x000000070f6482b0) 
thrown [open/src/hotspot/share/prims/nativeLookup.cpp, line 543]
Event: 0.587 Thread 0x00007f9f5380fc00 Exception <a 'java/lang/NoSuchMethodError'{0x000000070f76bec0}: 'java.lang.Object java.lang.invoke.DirectMethodHandle$Holder.invokeInterface(java.lang.Object, java.lang.Object)'> (0x000000070f76bec0) 
thrown [open/src/hotspot/share/interpreter/linkResolver.cpp, line 766]
Event: 0.587 Thread 0x00007f9f5380fc00 Exception <a 'java/lang/IncompatibleClassChangeError'{0x000000070f76f6b8}: Found class java.lang.Object, but interface was expected> (0x000000070f76f6b8) 
thrown [open/src/hotspot/share/interpreter/linkResolver.cpp, line 833]

VM Operations (6 events):
Event: 0.245 Executing VM operation: HandshakeAllThreads
Event: 0.245 Executing VM operation: HandshakeAllThreads done
Event: 0.331 Executing VM operation: HandshakeAllThreads
Event: 0.331 Executing VM operation: HandshakeAllThreads done
Event: 0.404 Executing VM operation: HandshakeAllThreads
Event: 0.404 Executing VM operation: HandshakeAllThreads done

Events (20 events):
Event: 0.590 loading class sun/awt/HeadlessToolkit
Event: 0.591 loading class sun/awt/HeadlessToolkit done
Event: 0.591 loading class sun/lwawt/macosx/NamedCursor
Event: 0.592 loading class java/awt/Cursor
Event: 0.592 loading class java/awt/Cursor done
Event: 0.592 loading class sun/lwawt/macosx/NamedCursor done
Event: 0.592 loading class java/awt/Cursor$1
Event: 0.592 loading class sun/awt/AWTAccessor$CursorAccessor
Event: 0.592 loading class sun/awt/AWTAccessor$CursorAccessor done
Event: 0.592 loading class java/awt/Cursor$1 done
Event: 0.592 loading class java/util/concurrent/locks/AbstractQueuedSynchronizer$ConditionNode
Event: 0.592 loading class java/util/concurrent/ForkJoinPool$ManagedBlocker
Event: 0.592 loading class java/util/concurrent/ForkJoinPool$ManagedBlocker done
Event: 0.592 loading class java/util/concurrent/locks/AbstractQueuedSynchronizer$Node
Event: 0.592 loading class java/util/concurrent/locks/AbstractQueuedSynchronizer$Node done
Event: 0.592 loading class java/util/concurrent/locks/AbstractQueuedSynchronizer$ConditionNode done
Event: 0.631 Loaded shared library /private/var/folders/_2/ml2yrxc13sjg39zgx_4svyp80000gn/T/jogamp_0000/file_cache/jln13647873405325572937/jln3987499689336535411/natives/macosx-universal/libnativewindow_macosx.dylib
Event: 0.632 loading class java/lang/CloneNotSupportedException
Event: 0.632 loading class java/lang/CloneNotSupportedException done
Event: 0.818 Loaded shared library /private/var/folders/_2/ml2yrxc13sjg39zgx_4svyp80000gn/T/jogamp_0000/file_cache/jln13647873405325572937/jln3987499689336535411/natives/macosx-universal/libnewt_head.dylib


Dynamic libraries:
0x000000010377f000 	/Library/Java/JavaVirtualMachines/jdk-17.0.2.jdk/Contents/Home/lib/libjli.dylib
0x00007ff8178b6000 	/usr/lib/libz.1.dylib
0x00007ff817996000 	/usr/lib/libSystem.B.dylib
0x00007ff817991000 	/usr/lib/system/libcache.dylib
0x00007ff81794d000 	/usr/lib/system/libcommonCrypto.dylib
0x00007ff817976000 	/usr/lib/system/libcompiler_rt.dylib
0x00007ff81796c000 	/usr/lib/system/libcopyfile.dylib
0x00007ff80c9a4000 	/usr/lib/system/libcorecrypto.dylib
0x00007ff80ca63000 	/usr/lib/system/libdispatch.dylib
0x00007ff80cc22000 	/usr/lib/system/libdyld.dylib
0x00007ff817988000 	/usr/lib/system/libkeymgr.dylib
0x00007ff81792b000 	/usr/lib/system/libmacho.dylib
0x00007ff816fb7000 	/usr/lib/system/libquarantine.dylib
0x00007ff817986000 	/usr/lib/system/libremovefile.dylib
0x00007ff811b89000 	/usr/lib/system/libsystem_asl.dylib
0x00007ff80c952000 	/usr/lib/system/libsystem_blocks.dylib
0x00007ff80cae7000 	/usr/lib/system/libsystem_c.dylib
0x00007ff81797e000 	/usr/lib/system/libsystem_collections.dylib
0x00007ff81625f000 	/usr/lib/system/libsystem_configuration.dylib
0x00007ff81551c000 	/usr/lib/system/libsystem_containermanager.dylib
0x00007ff817668000 	/usr/lib/system/libsystem_coreservices.dylib
0x00007ff80f24c000 	/usr/lib/system/libsystem_darwin.dylib
0x00007ff817989000 	/usr/lib/system/libsystem_dnssd.dylib
0x00007ff80cae4000 	/usr/lib/system/libsystem_featureflags.dylib
0x00007ff80cc38000 	/usr/lib/system/libsystem_info.dylib
0x00007ff8178c9000 	/usr/lib/system/libsystem_m.dylib
0x00007ff80ca37000 	/usr/lib/system/libsystem_malloc.dylib
0x00007ff811b26000 	/usr/lib/system/libsystem_networkextension.dylib
0x00007ff80f674000 	/usr/lib/system/libsystem_notify.dylib
0x00007ff81db06000 	/usr/lib/system/libsystem_product_info_filter.dylib
0x00007ff816263000 	/usr/lib/system/libsystem_sandbox.dylib
0x00007ff817983000 	/usr/lib/system/libsystem_secinit.dylib
0x00007ff80cbdf000 	/usr/lib/system/libsystem_kernel.dylib
0x00007ff80cc2e000 	/usr/lib/system/libsystem_platform.dylib
0x00007ff80cc16000 	/usr/lib/system/libsystem_pthread.dylib
0x00007ff8133e1000 	/usr/lib/system/libsystem_symptoms.dylib
0x00007ff80c98b000 	/usr/lib/system/libsystem_trace.dylib
0x00007ff817959000 	/usr/lib/system/libunwind.dylib
0x00007ff80c954000 	/usr/lib/system/libxpc.dylib
0x00007ff80cbc9000 	/usr/lib/libc++abi.dylib
0x00007ff80caaa000 	/usr/lib/libobjc.A.dylib
0x00007ff817964000 	/usr/lib/liboah.dylib
0x00007ff80cb70000 	/usr/lib/libc++.1.dylib
0x00007ff823861000 	/System/Library/Frameworks/Cocoa.framework/Versions/A/Cocoa
0x00007ff80f6d2000 	/System/Library/Frameworks/AppKit.framework/Versions/C/AppKit
0x00007ff812bce000 	/System/Library/Frameworks/CoreData.framework/Versions/A/CoreData
0x00007ff80dae9000 	/System/Library/Frameworks/Foundation.framework/Versions/C/Foundation
0x00007ff810564000 	/System/Library/PrivateFrameworks/UIFoundation.framework/Versions/A/UIFoundation
0x00007ff81d80d000 	/System/Library/PrivateFrameworks/RemoteViewServices.framework/Versions/A/RemoteViewServices
0x00007ff815bf8000 	/System/Library/PrivateFrameworks/XCTTargetBootstrap.framework/Versions/A/XCTTargetBootstrap
0x00007ff8197a6000 	/System/Library/PrivateFrameworks/InternationalSupport.framework/Versions/A/InternationalSupport
0x00007ff819830000 	/System/Library/PrivateFrameworks/UserActivity.framework/Versions/A/UserActivity
0x00007ff818b86000 	/usr/lib/libspindump.dylib
0x00007ff8107f2000 	/System/Library/Frameworks/UniformTypeIdentifiers.framework/Versions/A/UniformTypeIdentifiers
0x00007ff814331000 	/usr/lib/libapp_launch_measurement.dylib
0x00007ff81359a000 	/System/Library/PrivateFrameworks/CoreAnalytics.framework/Versions/A/CoreAnalytics
0x00007ff814334000 	/System/Library/PrivateFrameworks/CoreAutoLayout.framework/Versions/A/CoreAutoLayout
0x00007ff815554000 	/System/Library/Frameworks/Metal.framework/Versions/A/Metal
0x00007ff81626e000 	/usr/lib/liblangid.dylib
0x00007ff815bfc000 	/System/Library/PrivateFrameworks/CoreSVG.framework/Versions/A/CoreSVG
0x00007ff811bb9000 	/System/Library/PrivateFrameworks/SkyLight.framework/Versions/A/SkyLight
0x00007ff811f4f000 	/System/Library/Frameworks/CoreGraphics.framework/Versions/A/CoreGraphics
0x00007ff81de7c000 	/System/Library/Frameworks/Accelerate.framework/Versions/A/Accelerate
0x00007ff818601000 	/System/Library/PrivateFrameworks/IconServices.framework/Versions/A/IconServices
0x00007ff815539000 	/System/Library/Frameworks/IOSurface.framework/Versions/A/IOSurface
0x00007ff8135c8000 	/usr/lib/libDiagnosticMessagesClient.dylib
0x00007ff8214ed000 	/System/Library/Frameworks/ApplicationServices.framework/Versions/A/ApplicationServices
0x00007ff815be4000 	/System/Library/PrivateFrameworks/DFRFoundation.framework/Versions/A/DFRFoundation
0x00007ff80efc3000 	/usr/lib/libicucore.A.dylib
0x00007ff81a4cb000 	/System/Library/Frameworks/AudioToolbox.framework/Versions/A/AudioToolbox
0x00007ff8197b2000 	/System/Library/PrivateFrameworks/DataDetectorsCore.framework/Versions/A/DataDetectorsCore
0x00007ff91510a000 	/System/Library/PrivateFrameworks/TextInput.framework/Versions/A/TextInput
0x00007ff811b3d000 	/usr/lib/libMobileGestalt.dylib
0x00007ff8158ec000 	/System/Library/Frameworks/Carbon.framework/Versions/A/Frameworks/HIToolbox.framework/Versions/A/HIToolbox
0x00007ff813d5e000 	/System/Library/Frameworks/QuartzCore.framework/Versions/A/QuartzCore
0x00007ff80ec63000 	/System/Library/Frameworks/Security.framework/Versions/A/Security
0x00007ff81d845000 	/System/Library/Frameworks/Carbon.framework/Versions/A/Frameworks/SpeechRecognition.framework/Versions/A/SpeechRecognition
0x00007ff814091000 	/System/Library/PrivateFrameworks/CoreUI.framework/Versions/A/CoreUI
0x00007ff80e53b000 	/System/Library/Frameworks/CoreAudio.framework/Versions/A/CoreAudio
0x00007ff8136b6000 	/System/Library/Frameworks/DiskArbitration.framework/Versions/A/DiskArbitration
0x00007ff818f6d000 	/System/Library/PrivateFrameworks/MultitouchSupport.framework/Versions/A/MultitouchSupport
0x00007ff811b3c000 	/usr/lib/libenergytrace.dylib
0x00007ff80f5be000 	/System/Library/Frameworks/IOKit.framework/Versions/A/IOKit
0x00007ff81dc31000 	/System/Library/Frameworks/CoreServices.framework/Versions/A/CoreServices
0x00007ff8142cb000 	/System/Library/PrivateFrameworks/PerformanceAnalysis.framework/Versions/A/PerformanceAnalysis
0x00007ffa248da000 	/System/Library/Frameworks/OpenGL.framework/Versions/A/OpenGL
0x00007ff816ee3000 	/System/Library/PrivateFrameworks/MobileKeyBag.framework/Versions/A/MobileKeyBag
0x00007ff81261b000 	/System/Library/Frameworks/ColorSync.framework/Versions/A/ColorSync
0x00007ff80cc63000 	/System/Library/Frameworks/CoreFoundation.framework/Versions/A/CoreFoundation
0x00007ff815e75000 	/System/Library/Frameworks/CoreImage.framework/Versions/A/CoreImage
0x00007ff80e351000 	/System/Library/Frameworks/CoreText.framework/Versions/A/CoreText
0x00007ff815c2b000 	/System/Library/Frameworks/ImageIO.framework/Versions/A/ImageIO
0x00007ff81799c000 	/System/Library/PrivateFrameworks/SoftLinking.framework/Versions/A/SoftLinking
0x00007ff81437c000 	/usr/lib/libxml2.2.dylib
0x00007ff817c20000 	/usr/lib/libcompression.dylib
0x00007ff8196dc000 	/System/Library/PrivateFrameworks/TextureIO.framework/Versions/A/TextureIO
0x00007ff818313000 	/usr/lib/libate.dylib
0x00007ff8180f1000 	/usr/lib/liblzma.5.dylib
0x00007ff80d7fa000 	/System/Library/Frameworks/SystemConfiguration.framework/Versions/A/SystemConfiguration
0x00007ff817998000 	/usr/lib/libfakelink.dylib
0x00007ff81168f000 	/System/Library/Frameworks/CFNetwork.framework/Versions/A/CFNetwork
0x00007ff817ad7000 	/usr/lib/libarchive.2.dylib
0x00007ff81626a000 	/System/Library/PrivateFrameworks/AppleSystemInfo.framework/Versions/A/AppleSystemInfo
0x00007ff816fde000 	/usr/lib/libbsm.0.dylib
0x00007ff810cc5000 	/usr/lib/libnetwork.dylib
0x00007ff817931000 	/usr/lib/system/libkxld.dylib
0x00007ff816c0c000 	/System/Library/PrivateFrameworks/IOMobileFramebuffer.framework/Versions/A/IOMobileFramebuffer
0x00007ffb226ff000 	/usr/lib/libCoreEntitlements.dylib
0x00007ff81764a000 	/System/Library/PrivateFrameworks/AppleFSCompression.framework/Versions/A/AppleFSCompression
0x00007ff816fc6000 	/usr/lib/libcoretls.dylib
0x00007ff81810b000 	/usr/lib/libcoretls_cfhelpers.dylib
0x00007ff817c1b000 	/usr/lib/libpam.2.dylib
0x00007ff813003000 	/usr/lib/libsqlite3.dylib
0x00007ff81817a000 	/usr/lib/libxar.1.dylib
0x00007ff81765a000 	/usr/lib/libbz2.1.0.dylib
0x00007ff81799d000 	/usr/lib/libpcap.A.dylib
0x00007ff8133d8000 	/usr/lib/libdns_services.dylib
0x00007ff817bea000 	/usr/lib/libapple_nghttp2.dylib
0x00007ff8179d4000 	/usr/lib/libiconv.2.dylib
0x00007ff81792a000 	/usr/lib/libcharset.1.dylib
0x00007ff8142ff000 	/System/Library/Frameworks/CoreServices.framework/Versions/A/Frameworks/FSEvents.framework/Versions/A/FSEvents
0x00007ff80f256000 	/System/Library/Frameworks/CoreServices.framework/Versions/A/Frameworks/CarbonCore.framework/Versions/A/CarbonCore
0x00007ff81361b000 	/System/Library/Frameworks/CoreServices.framework/Versions/A/Frameworks/Metadata.framework/Versions/A/Metadata
0x00007ff81766d000 	/System/Library/Frameworks/CoreServices.framework/Versions/A/Frameworks/OSServices.framework/Versions/A/OSServices
0x00007ff817b5e000 	/System/Library/Frameworks/CoreServices.framework/Versions/A/Frameworks/SearchKit.framework/Versions/A/SearchKit
0x00007ff81336a000 	/System/Library/Frameworks/CoreServices.framework/Versions/A/Frameworks/AE.framework/Versions/A/AE
0x00007ff80d166000 	/System/Library/Frameworks/CoreServices.framework/Versions/A/Frameworks/LaunchServices.framework/Versions/A/LaunchServices
0x00007ff8180a2000 	/System/Library/Frameworks/CoreServices.framework/Versions/A/Frameworks/DictionaryServices.framework/Versions/A/DictionaryServices
0x00007ff81430c000 	/System/Library/Frameworks/CoreServices.framework/Versions/A/Frameworks/SharedFileList.framework/Versions/A/SharedFileList
0x00007ff816fba000 	/usr/lib/libCheckFix.dylib
0x00007ff811ba0000 	/System/Library/PrivateFrameworks/TCC.framework/Versions/A/TCC
0x00007ff816270000 	/System/Library/PrivateFrameworks/CoreNLP.framework/Versions/A/CoreNLP
0x00007ff8135cb000 	/System/Library/PrivateFrameworks/MetadataUtilities.framework/Versions/A/MetadataUtilities
0x00007ff80d8aa000 	/usr/lib/libmecabra.dylib
0x00007ff816fee000 	/usr/lib/libmecab.dylib
0x00007ff80d875000 	/usr/lib/libCRFSuite.dylib
0x00007ff81704b000 	/usr/lib/libgermantok.dylib
0x00007ff817bc5000 	/usr/lib/libThaiTokenizer.dylib
0x00007ff8136bd000 	/System/Library/Frameworks/Accelerate.framework/Versions/A/Frameworks/vImage.framework/Versions/A/vImage
0x00007ff81dc08000 	/System/Library/Frameworks/Accelerate.framework/Versions/A/Frameworks/vecLib.framework/Versions/A/vecLib
0x00007ff8181bb000 	/System/Library/Frameworks/Accelerate.framework/Versions/A/Frameworks/vecLib.framework/Versions/A/libvMisc.dylib
0x00007ff816a2a000 	/System/Library/Frameworks/Accelerate.framework/Versions/A/Frameworks/vecLib.framework/Versions/A/libvDSP.dylib
0x00007ff80d4de000 	/System/Library/Frameworks/Accelerate.framework/Versions/A/Frameworks/vecLib.framework/Versions/A/libBLAS.dylib
0x00007ff817cfc000 	/System/Library/Frameworks/Accelerate.framework/Versions/A/Frameworks/vecLib.framework/Versions/A/libLAPACK.dylib
0x00007ff81704e000 	/System/Library/Frameworks/Accelerate.framework/Versions/A/Frameworks/vecLib.framework/Versions/A/libLinearAlgebra.dylib
0x00007ff817c03000 	/System/Library/Frameworks/Accelerate.framework/Versions/A/Frameworks/vecLib.framework/Versions/A/libSparseBLAS.dylib
0x00007ff817cf6000 	/System/Library/Frameworks/Accelerate.framework/Versions/A/Frameworks/vecLib.framework/Versions/A/libQuadrature.dylib
0x00007ff81635a000 	/System/Library/Frameworks/Accelerate.framework/Versions/A/Frameworks/vecLib.framework/Versions/A/libBNNS.dylib
0x00007ff80d78b000 	/System/Library/Frameworks/Accelerate.framework/Versions/A/Frameworks/vecLib.framework/Versions/A/libSparse.dylib
0x00007ff816353000 	/System/Library/PrivateFrameworks/LinguisticData.framework/Versions/A/LinguisticData
0x00007ff80d740000 	/System/Library/PrivateFrameworks/Lexicon.framework/Versions/A/Lexicon
0x00007ff8181b4000 	/usr/lib/libChineseTokenizer.dylib
0x00007ff80dea4000 	/System/Library/PrivateFrameworks/LanguageModeling.framework/Versions/A/LanguageModeling
0x00007ff817bc7000 	/System/Library/PrivateFrameworks/AppleSauce.framework/Versions/A/AppleSauce
0x00007ff816bfa000 	/System/Library/PrivateFrameworks/CoreEmoji.framework/Versions/A/CoreEmoji
0x00007ff817ac6000 	/usr/lib/libcmph.dylib
0x00007ff8142e3000 	/System/Library/Frameworks/OpenDirectory.framework/Versions/A/Frameworks/CFOpenDirectory.framework/Versions/A/CFOpenDirectory
0x00007ff8142d7000 	/System/Library/Frameworks/OpenDirectory.framework/Versions/A/OpenDirectory
0x00007ff81810d000 	/System/Library/PrivateFrameworks/APFS.framework/Versions/A/APFS
0x00007ff816f1b000 	/System/Library/Frameworks/SecurityFoundation.framework/Versions/A/SecurityFoundation
0x00007ff818188000 	/usr/lib/libutil.dylib
0x00007ff80f581000 	/System/Library/PrivateFrameworks/CoreServicesStore.framework/Versions/A/CoreServicesStore
0x00007ff81818c000 	/usr/lib/libxslt.1.dylib
0x00007ff816fa8000 	/System/Library/PrivateFrameworks/BackgroundTaskManagement.framework/Versions/A/BackgroundTaskManagement
0x00007ff8195fc000 	/System/Library/Frameworks/ImageIO.framework/Versions/A/Resources/libRadiance.dylib
0x00007ff819605000 	/System/Library/Frameworks/ImageIO.framework/Versions/A/Resources/libJPEG.dylib
0x00007ff819555000 	/System/Library/Frameworks/ImageIO.framework/Versions/A/Resources/libPng.dylib
0x00007ff819576000 	/System/Library/Frameworks/ImageIO.framework/Versions/A/Resources/libTIFF.dylib
0x00007ff819665000 	/System/Library/Frameworks/ImageIO.framework/Versions/A/Resources/libGIF.dylib
0x00007ff818e86000 	/System/Library/Frameworks/ImageIO.framework/Versions/A/Resources/libJP2.dylib
0x00007ff8185c8000 	/usr/lib/libexpat.1.dylib
0x00007ff818e3b000 	/System/Library/PrivateFrameworks/AppleJPEG.framework/Versions/A/AppleJPEG
0x00007ff8157af000 	/System/Library/PrivateFrameworks/FontServices.framework/libFontParser.dylib
0x00007ff813314000 	/System/Library/PrivateFrameworks/RunningBoardServices.framework/Versions/A/RunningBoardServices
0x00007ff823ddd000 	/System/Library/PrivateFrameworks/IOSurfaceAccelerator.framework/Versions/A/IOSurfaceAccelerator
0x00007ff818f69000 	/System/Library/PrivateFrameworks/WatchdogClient.framework/Versions/A/WatchdogClient
0x00007ff80df93000 	/System/Library/Frameworks/CoreDisplay.framework/Versions/A/CoreDisplay
0x00007ff8156ae000 	/System/Library/Frameworks/CoreMedia.framework/Versions/A/CoreMedia
0x00007ff81554b000 	/System/Library/PrivateFrameworks/IOAccelerator.framework/Versions/A/IOAccelerator
0x00007ff81445f000 	/System/Library/Frameworks/CoreVideo.framework/Versions/A/CoreVideo
0x00007ff817c19000 	/System/Library/Frameworks/MetalPerformanceShaders.framework/Versions/A/MetalPerformanceShaders
0x00007ff818fa4000 	/System/Library/Frameworks/VideoToolbox.framework/Versions/A/VideoToolbox
0x00007ff81325c000 	/System/Library/PrivateFrameworks/BaseBoard.framework/Versions/A/BaseBoard
0x00007ff812fe9000 	/System/Library/PrivateFrameworks/ProtocolBuffer.framework/Versions/A/ProtocolBuffer
0x00007ff8195f5000 	/System/Library/PrivateFrameworks/GPUWrangler.framework/Versions/A/GPUWrangler
0x00007ff8195d8000 	/System/Library/PrivateFrameworks/IOPresentment.framework/Versions/A/IOPresentment
0x00007ff8195ff000 	/System/Library/PrivateFrameworks/DSExternalDisplay.framework/Versions/A/DSExternalDisplay
0x00007ffa248ce000 	/System/Library/Frameworks/OpenGL.framework/Versions/A/Libraries/libCoreFSCache.dylib
0x00007ffb1096f000 	/System/Library/PrivateFrameworks/GPUCompiler.framework/Versions/31001/Libraries/libGPUCompilerUtils.dylib
0x00007ff81966a000 	/System/Library/PrivateFrameworks/CMCaptureCore.framework/Versions/A/CMCaptureCore
0x00007ff818b74000 	/System/Library/PrivateFrameworks/AppServerSupport.framework/Versions/A/AppServerSupport
0x00007ff81ad51000 	/System/Library/PrivateFrameworks/perfdata.framework/Versions/A/perfdata
0x00007ff80e0bf000 	/System/Library/PrivateFrameworks/AudioToolboxCore.framework/Versions/A/AudioToolboxCore
0x00007ff81568b000 	/System/Library/PrivateFrameworks/caulk.framework/Versions/A/caulk
0x00007ff81a675000 	/usr/lib/libAudioStatistics.dylib
0x00007ff911998000 	/System/Library/PrivateFrameworks/SystemPolicy.framework/Versions/A/SystemPolicy
0x00007ff81a8ca000 	/usr/lib/libSMC.dylib
0x00007ff823714000 	/System/Library/Frameworks/CoreMIDI.framework/Versions/A/CoreMIDI
0x00007ff819525000 	/usr/lib/libAudioToolboxUtility.dylib
0x00007ff90ddaa000 	/System/Library/PrivateFrameworks/OSAServicesClient.framework/Versions/A/OSAServicesClient
0x00007ff81ad5e000 	/usr/lib/libperfcheck.dylib
0x00007ff91242a000 	/usr/lib/libmis.dylib
0x00007ffa2492a000 	/System/Library/Frameworks/OpenGL.framework/Versions/A/Libraries/libGLU.dylib
0x00007ffa248ed000 	/System/Library/Frameworks/OpenGL.framework/Versions/A/Libraries/libGFXShared.dylib
0x00007ffa24afb000 	/System/Library/Frameworks/OpenGL.framework/Versions/A/Libraries/libGL.dylib
0x00007ffa248f6000 	/System/Library/Frameworks/OpenGL.framework/Versions/A/Libraries/libGLImage.dylib
0x00007ffa248ea000 	/System/Library/Frameworks/OpenGL.framework/Versions/A/Libraries/libCVMSPluginSupport.dylib
0x00007ffa248d5000 	/System/Library/Frameworks/OpenGL.framework/Versions/A/Libraries/libCoreVMClient.dylib
0x00007ff8161ee000 	/System/Library/Frameworks/MetalPerformanceShaders.framework/Versions/A/Frameworks/MPSCore.framework/Versions/A/MPSCore
0x00007ff8175b5000 	/System/Library/Frameworks/MetalPerformanceShaders.framework/Versions/A/Frameworks/MPSImage.framework/Versions/A/MPSImage
0x00007ff817064000 	/System/Library/Frameworks/MetalPerformanceShaders.framework/Versions/A/Frameworks/MPSNeuralNetwork.framework/Versions/A/MPSNeuralNetwork
0x00007ff8174d9000 	/System/Library/Frameworks/MetalPerformanceShaders.framework/Versions/A/Frameworks/MPSMatrix.framework/Versions/A/MPSMatrix
0x00007ff817295000 	/System/Library/Frameworks/MetalPerformanceShaders.framework/Versions/A/Frameworks/MPSRayIntersector.framework/Versions/A/MPSRayIntersector
0x00007ff817512000 	/System/Library/Frameworks/MetalPerformanceShaders.framework/Versions/A/Frameworks/MPSNDArray.framework/Versions/A/MPSNDArray
0x00007ffa294ef000 	/System/Library/Frameworks/MetalPerformanceShaders.framework/Versions/A/Frameworks/MPSFunctions.framework/Versions/A/MPSFunctions
0x00007ff80d3c1000 	/System/Library/PrivateFrameworks/MetalTools.framework/Versions/A/MetalTools
0x00007ff816268000 	/System/Library/PrivateFrameworks/AggregateDictionary.framework/Versions/A/AggregateDictionary
0x00007ff8183aa000 	/usr/lib/libIOReport.dylib
0x00007ffa25f0a000 	/System/Library/Frameworks/OpenCL.framework/Versions/A/OpenCL
0x00007ff81870e000 	/System/Library/PrivateFrameworks/FaceCore.framework/Versions/A/FaceCore
0x00007ff8186ff000 	/System/Library/PrivateFrameworks/GraphVisualizer.framework/Versions/A/GraphVisualizer
0x00007ffb1087a000 	/System/Library/PrivateFrameworks/FontServices.framework/Versions/A/FontServices
0x00007ff818b2b000 	/System/Library/PrivateFrameworks/OTSVG.framework/Versions/A/OTSVG
0x00007ff814047000 	/System/Library/Frameworks/ApplicationServices.framework/Versions/A/Frameworks/ATS.framework/Versions/A/Resources/libFontRegistry.dylib
0x00007ff818b7c000 	/System/Library/PrivateFrameworks/FontServices.framework/libhvf.dylib
0x00007ffb1087b000 	/System/Library/PrivateFrameworks/FontServices.framework/libXTFontStaticRegistryData.dylib
0x00007ff818578000 	/System/Library/PrivateFrameworks/AppleVA.framework/Versions/A/AppleVA
0x00007ff81a699000 	/System/Library/Frameworks/ApplicationServices.framework/Versions/A/Frameworks/ATS.framework/Versions/A/ATS
0x00007ff812717000 	/System/Library/Frameworks/ApplicationServices.framework/Versions/A/Frameworks/HIServices.framework/Versions/A/HIServices
0x00007ff819674000 	/System/Library/Frameworks/ApplicationServices.framework/Versions/A/Frameworks/PrintCore.framework/Versions/A/PrintCore
0x00007ff81aa1d000 	/System/Library/Frameworks/ApplicationServices.framework/Versions/A/Frameworks/QD.framework/Versions/A/QD
0x00007ff81aa15000 	/System/Library/Frameworks/ApplicationServices.framework/Versions/A/Frameworks/ColorSyncLegacy.framework/Versions/A/ColorSyncLegacy
0x00007ff81a689000 	/System/Library/Frameworks/ApplicationServices.framework/Versions/A/Frameworks/SpeechSynthesis.framework/Versions/A/SpeechSynthesis
0x00007ff819635000 	/System/Library/Frameworks/ApplicationServices.framework/Versions/A/Frameworks/ATSUI.framework/Versions/A/ATSUI
0x00007ff81a9aa000 	/usr/lib/libcups.2.dylib
0x00007ff81ad6d000 	/System/Library/Frameworks/Kerberos.framework/Versions/A/Kerberos
0x00007ff81ad7c000 	/System/Library/Frameworks/GSS.framework/Versions/A/GSS
0x00007ff81a705000 	/usr/lib/libresolv.9.dylib
0x00007ff818b8b000 	/System/Library/PrivateFrameworks/Heimdal.framework/Versions/A/Heimdal
0x00007ff82186a000 	/System/Library/Frameworks/Kerberos.framework/Versions/A/Libraries/libHeimdalProxy.dylib
0x00007ff8133e9000 	/System/Library/Frameworks/Network.framework/Versions/A/Network
0x00007ff8185e2000 	/usr/lib/libheimdal-asn1.dylib
0x00007ff81adc8000 	/System/Library/PrivateFrameworks/CommonAuth.framework/Versions/A/CommonAuth
0x00007ff81a606000 	/System/Library/PrivateFrameworks/AudioSession.framework/Versions/A/AudioSession
0x00007ff818672000 	/System/Library/PrivateFrameworks/MediaExperience.framework/Versions/A/MediaExperience
0x00007ff81a49a000 	/System/Library/PrivateFrameworks/AudioSession.framework/libSessionUtility.dylib
0x00007ff81aa29000 	/System/Library/PrivateFrameworks/AudioResourceArbitration.framework/Versions/A/AudioResourceArbitration
0x00007ff81ea1b000 	/System/Library/PrivateFrameworks/PowerLog.framework/Versions/A/PowerLog
0x00007ff8185eb000 	/System/Library/PrivateFrameworks/IconFoundation.framework/Versions/A/IconFoundation
0x00007ff81d835000 	/System/Library/PrivateFrameworks/SpeechRecognitionCore.framework/Versions/A/SpeechRecognitionCore
0x00007ffa1085d000 	/System/Library/CoreServices/Encodings/libJapaneseConverter.dylib
0x00000001050fd000 	/Library/Java/JavaVirtualMachines/jdk-17.0.2.jdk/Contents/Home/lib/server/libjvm.dylib
0x00000001037b9000 	/Library/Java/JavaVirtualMachines/jdk-17.0.2.jdk/Contents/Home/lib/libjimage.dylib
0x0000000103837000 	/Library/Java/JavaVirtualMachines/jdk-17.0.2.jdk/Contents/Home/lib/libjava.dylib
0x0000000103add000 	/Library/Java/JavaVirtualMachines/jdk-17.0.2.jdk/Contents/Home/lib/libnio.dylib
0x0000000103b17000 	/Library/Java/JavaVirtualMachines/jdk-17.0.2.jdk/Contents/Home/lib/libnet.dylib
0x0000000103af9000 	/Library/Java/JavaVirtualMachines/jdk-17.0.2.jdk/Contents/Home/lib/libzip.dylib
0x0000000103bd6000 	/Library/Java/JavaVirtualMachines/jdk-17.0.2.jdk/Contents/Home/lib/libawt.dylib
0x0000000103c96000 	/Library/Java/JavaVirtualMachines/jdk-17.0.2.jdk/Contents/Home/lib/libmlib_image.dylib
0x00007ffa2945d000 	/System/Library/Frameworks/JavaRuntimeSupport.framework/Versions/A/JavaRuntimeSupport
0x00007ff9114e1000 	/System/Library/Frameworks/Carbon.framework/Versions/A/Carbon
0x00007ff81fc96000 	/System/Library/PrivateFrameworks/CoreSymbolication.framework/Versions/A/CoreSymbolication
0x00007ff825130000 	/System/Library/Frameworks/Carbon.framework/Versions/A/Frameworks/CommonPanels.framework/Versions/A/CommonPanels
0x00007ff82126f000 	/System/Library/Frameworks/Carbon.framework/Versions/A/Frameworks/Help.framework/Versions/A/Help
0x00007ff825134000 	/System/Library/Frameworks/Carbon.framework/Versions/A/Frameworks/ImageCapture.framework/Versions/A/ImageCapture
0x00007ff825104000 	/System/Library/Frameworks/Carbon.framework/Versions/A/Frameworks/OpenScripting.framework/Versions/A/OpenScripting
0x00007ff82512c000 	/System/Library/Frameworks/Carbon.framework/Versions/A/Frameworks/Ink.framework/Versions/A/Ink
0x00007ff9114dd000 	/System/Library/Frameworks/Carbon.framework/Versions/A/Frameworks/Print.framework/Versions/A/Print
0x00007ff825128000 	/System/Library/Frameworks/Carbon.framework/Versions/A/Frameworks/SecurityHI.framework/Versions/A/SecurityHI
0x00007ff81fc5b000 	/System/Library/PrivateFrameworks/DebugSymbols.framework/Versions/A/DebugSymbols
0x0000000103e62000 	/Library/Java/JavaVirtualMachines/jdk-17.0.2.jdk/Contents/Home/lib/libawt_lwawt.dylib
0x0000000103b5c000 	/Library/Java/JavaVirtualMachines/jdk-17.0.2.jdk/Contents/Home/lib/libosxapp.dylib
0x00007ff91091a000 	/System/Library/Frameworks/ExceptionHandling.framework/Versions/A/ExceptionHandling
0x0000000127248000 	/Library/Java/JavaVirtualMachines/jdk-17.0.2.jdk/Contents/Home/lib/libfontmanager.dylib
0x00000001270ba000 	/Library/Java/JavaVirtualMachines/jdk-17.0.2.jdk/Contents/Home/lib/libfreetype.dylib
0x00007ff80f542000 	/System/Library/PrivateFrameworks/CoreServicesInternal.framework/Versions/A/CoreServicesInternal
0x00007ff81f00c000 	/System/Library/Frameworks/FileProvider.framework/Versions/A/FileProvider
0x00007ff8131c8000 	/System/Library/Frameworks/Accounts.framework/Versions/A/Accounts
0x00007ff81f184000 	/System/Library/PrivateFrameworks/GenerationalStorage.framework/Versions/A/GenerationalStorage
0x00007ff81ea10000 	/System/Library/PrivateFrameworks/SymptomDiagnosticReporter.framework/Versions/A/SymptomDiagnosticReporter
0x00007ff810806000 	/System/Library/PrivateFrameworks/DesktopServicesPriv.framework/Versions/A/DesktopServicesPriv
0x00007ff80f683000 	/usr/lib/libsandbox.1.dylib
0x00007ff8144de000 	/System/Library/PrivateFrameworks/UserManagement.framework/Versions/A/UserManagement
0x00007ff81aa0a000 	/System/Library/PrivateFrameworks/NetAuth.framework/Versions/A/NetAuth
0x00007ff81b8f9000 	/System/Library/PrivateFrameworks/Sharing.framework/Versions/A/Sharing
0x00007ff8144b1000 	/System/Library/PrivateFrameworks/login.framework/Versions/A/Frameworks/loginsupport.framework/Versions/A/loginsupport
0x00007ff820d9c000 	/System/Library/PrivateFrameworks/Apple80211.framework/Versions/A/Apple80211
0x00007ff81769a000 	/System/Library/PrivateFrameworks/AuthKit.framework/Versions/A/AuthKit
0x00007ff816cf0000 	/System/Library/PrivateFrameworks/CoreUtils.framework/Versions/A/CoreUtils
0x00007ff816c17000 	/System/Library/Frameworks/CoreWLAN.framework/Versions/A/CoreWLAN
0x00007ff81ba54000 	/System/Library/Frameworks/IOBluetooth.framework/Versions/A/IOBluetooth
0x00007ff820e04000 	/System/Library/PrivateFrameworks/CoreWiFi.framework/Versions/A/CoreWiFi
0x00007ff81f830000 	/System/Library/PrivateFrameworks/FrontBoardServices.framework/Versions/A/FrontBoardServices
0x00007ff81f8c2000 	/System/Library/PrivateFrameworks/BoardServices.framework/Versions/A/BoardServices
0x00007ff816f0a000 	/System/Library/PrivateFrameworks/AssertionServices.framework/Versions/A/AssertionServices
0x00007ff820f88000 	/System/Library/PrivateFrameworks/BackBoardServices.framework/Versions/A/BackBoardServices
0x00007ff81ae57000 	/System/Library/PrivateFrameworks/CorePhoneNumbers.framework/Versions/A/CorePhoneNumbers
0x00007ff81eb2d000 	/System/Library/PrivateFrameworks/DiskManagement.framework/Versions/A/DiskManagement
0x00007ff81ea41000 	/System/Library/PrivateFrameworks/AppleIDAuthSupport.framework/Versions/A/AppleIDAuthSupport
0x00007ffa2b4a8000 	/System/Library/PrivateFrameworks/AAAFoundation.framework/Versions/A/AAAFoundation
0x00007ff81ae38000 	/System/Library/PrivateFrameworks/KeychainCircle.framework/Versions/A/KeychainCircle
0x00007ff81eaf9000 	/System/Library/PrivateFrameworks/MediaKit.framework/Versions/A/MediaKit
0x00007ff81ea4d000 	/System/Library/Frameworks/DiscRecording.framework/Versions/A/DiscRecording
0x00007ff8184f0000 	/usr/lib/libCoreStorage.dylib
0x00007ff821277000 	/usr/lib/libcsfde.dylib
0x00007ff81bb21000 	/System/Library/PrivateFrameworks/ProtectedCloudStorage.framework/Versions/A/ProtectedCloudStorage
0x00007ff821273000 	/System/Library/PrivateFrameworks/EFILogin.framework/Versions/A/EFILogin
0x00007ff81f1aa000 	/System/Library/PrivateFrameworks/OctagonTrust.framework/Versions/A/OctagonTrust
0x00007ffb0fb9c000 	/System/Library/PrivateFrameworks/CoreUtilsExtras.framework/Versions/A/CoreUtilsExtras
0x00007ff81e983000 	/System/Library/Frameworks/CoreBluetooth.framework/Versions/A/CoreBluetooth
0x00007ff8218ef000 	/System/Library/Frameworks/AudioUnit.framework/Versions/A/AudioUnit
0x00007ff8184e8000 	/usr/lib/libMatch.1.dylib
0x00007ff918fe1000 	/System/Library/CoreServices/RawCamera.bundle/Contents/MacOS/RawCamera
0x00007ff81add8000 	/System/Library/PrivateFrameworks/MobileAsset.framework/Versions/A/MobileAsset
0x00007ff821916000 	/System/Library/PrivateFrameworks/StreamingZip.framework/Versions/A/StreamingZip
0x00007ffb0cfe1000 	/System/Library/PrivateFrameworks/CMPhoto.framework/Versions/A/CMPhoto
0x00007ff81fb31000 	/System/Library/PrivateFrameworks/AppleVPA.framework/Versions/A/AppleVPA
0x00007ff81989c000 	/System/Library/Frameworks/MediaToolbox.framework/Versions/A/MediaToolbox
0x00007ff81efdc000 	/System/Library/PrivateFrameworks/CoreAVCHD.framework/Versions/A/CoreAVCHD
0x00007ff81dec4000 	/System/Library/Frameworks/MediaAccessibility.framework/Versions/A/MediaAccessibility
0x00007ff81efd8000 	/System/Library/PrivateFrameworks/Mangrove.framework/Versions/A/Mangrove
0x00007ff81decf000 	/System/Library/PrivateFrameworks/AlgosScoreFramework.framework/Versions/A/AlgosScoreFramework
0x00007ff81ec1d000 	/System/Library/PrivateFrameworks/CoreAUC.framework/Versions/A/CoreAUC
0x00007ff91688e000 	/System/Library/Frameworks/Accelerate.framework/Versions/A/Frameworks/vImage.framework/Versions/A/Libraries/libCGInterfaces.dylib
0x0000000127162000 	/usr/lib/libobjc-trampolines.dylib
0x00007ff8141d7000 	/System/Library/PrivateFrameworks/ViewBridge.framework/Versions/A/ViewBridge
0x00007ffb22811000 	/usr/lib/libRosetta.dylib
0x00007ffa24b06000 	/System/Library/Frameworks/OpenGL.framework/Versions/A/Resources/GLEngine.bundle/GLEngine
0x00007ffa24968000 	/System/Library/Frameworks/OpenGL.framework/Versions/A/Libraries/libGLProgrammability.dylib
0x00007ffa18d2e000 	/System/Library/Extensions/AppleIntelKBLGraphicsGLDriver.bundle/Contents/MacOS/AppleIntelKBLGraphicsGLDriver
0x00007ff91c30e000 	/System/Library/PrivateFrameworks/GPUSupport.framework/Versions/A/Libraries/libGPUSupportMercury.dylib
0x00007ffa24c95000 	/System/Library/Frameworks/OpenGL.framework/Versions/A/Resources/GLRendererFloat.bundle/GLRendererFloat
0x00007ff818c45000 	/System/Library/PrivateFrameworks/login.framework/Versions/A/login
0x000000012723e000 	/private/var/folders/_2/ml2yrxc13sjg39zgx_4svyp80000gn/T/jogamp_0000/file_cache/jln13647873405325572937/jln3987499689336535411/natives/macosx-universal/libgluegen_rt.dylib
0x0000000127242000 	/private/var/folders/_2/ml2yrxc13sjg39zgx_4svyp80000gn/T/jogamp_0000/file_cache/jln13647873405325572937/jln3987499689336535411/natives/macosx-universal/libnativewindow_awt.dylib
0x000000013282b000 	/Library/Java/JavaVirtualMachines/jdk-17.0.2.jdk/Contents/Home/lib/libjawt.dylib
0x000000013283b000 	/private/var/folders/_2/ml2yrxc13sjg39zgx_4svyp80000gn/T/jogamp_0000/file_cache/jln13647873405325572937/jln3987499689336535411/natives/macosx-universal/libnativewindow_macosx.dylib
0x000000013285b000 	/private/var/folders/_2/ml2yrxc13sjg39zgx_4svyp80000gn/T/jogamp_0000/file_cache/jln13647873405325572937/jln3987499689336535411/natives/macosx-universal/libnewt_head.dylib


VM Arguments:
jvm_args: -Dfile.encoding=UTF-8 -XX:+ShowCodeDetailsInExceptionMessages 
java_command: a.examples.A座標の保存
java_class_path (initial): /Users/shigetonakawaka/export/git/github.com/ugonakawaka/pub/java/processing4-java/target/classes:/Users/shigetonakawaka/export/git/github.com/ugonakawaka/pub/java/processing4-java/ext-lib/gluegen-rt.jar:/Users/shigetonakawaka/export/git/github.com/ugonakawaka/pub/java/processing4-java/ext-lib/gluegen-rt-natives-macosx-universal.jar:/Users/shigetonakawaka/export/git/github.com/ugonakawaka/pub/java/processing4-java/ext-lib/jogl-all.jar:/Users/shigetonakawaka/export/git/github.com/ugonakawaka/pub/java/processing4-java/ext-lib/jogl-all-natives-macosx-universal.jar:/Users/shigetonakawaka/.m2/repository/com/github/micycle1/processing-core-4/4.0b4/processing-core-4-4.0b4.jar:/Users/shigetonakawaka/.m2/repository/org/openjfx/javafx-controls/17.0.2/javafx-controls-17.0.2.jar:/Users/shigetonakawaka/.m2/repository/org/openjfx/javafx-controls/17.0.2/javafx-controls-17.0.2-mac.jar:/Users/shigetonakawaka/.m2/repository/org/openjfx/javafx-graphics/17.0.2/javafx-graphics-17.0.2.jar:/Users/shigetonakawaka/.m2/repository/org/openjfx/javafx-graphics/17.0.2/javafx-graphics-17.0.2-mac.jar:/Users/shigetonakawaka/.m2/repository/org/openjfx/javafx-base/17.0.2/javafx-base-17.0.2.jar:/Users/shigetonakawaka/.m2/repository/org/openjfx/javafx-base/17.0.2/javafx-base-17.0.2-mac.jar:/Users/shigetonakawaka/.m2/repository/org/jogamp/jogl/jogl-all-main/2.3.2/jogl-all-main-2.3.2.jar:/Users/shigetonakawaka/.m2/repository/org/jogamp/jogl/jogl-all/2.3.2/jogl-all-2.3.2.jar:/Users/shigetonakawaka/.m2/repository/org/jogamp/jogl/jogl-all/2.3.2/jogl-all-2.3.2-natives-android-aarch64.jar:/Users/shigetonakawaka/.m2/repository/org/jogamp/jogl/jogl-all/2.3.2/jogl-all-2.3.2-natives-android-armv6.jar:/Users/shigetonakawaka/.m2/repository/org/jogamp/jogl/jogl-all/2.3.2/jogl-all-2.3.2-natives-linux-amd64.jar:/Users/shigetonakawaka/.m2/repository/org/jogamp/jogl/jogl-all/2.3.2/jogl-all-2.3.2-natives-linux-armv6.jar:/Users/shigetonakawaka/.m2/repository/org/jogamp/jogl/jogl-all/2.3.2/jogl
Launcher Type: SUN_STANDARD

[Global flags]
     intx CICompilerCount                          = 4                                         {product} {ergonomic}
     uint ConcGCThreads                            = 3                                         {product} {ergonomic}
     uint G1ConcRefinementThreads                  = 10                                        {product} {ergonomic}
   size_t G1HeapRegionSize                         = 2097152                                   {product} {ergonomic}
    uintx GCDrainStackTargetSize                   = 64                                        {product} {ergonomic}
   size_t InitialHeapSize                          = 268435456                                 {product} {ergonomic}
   size_t MarkStackSize                            = 4194304                                   {product} {ergonomic}
   size_t MaxHeapSize                              = 4294967296                                {product} {ergonomic}
   size_t MaxNewSize                               = 2575302656                                {product} {ergonomic}
   size_t MinHeapDeltaBytes                        = 2097152                                   {product} {ergonomic}
   size_t MinHeapSize                              = 8388608                                   {product} {ergonomic}
    uintx NonNMethodCodeHeapSize                   = 5839372                                {pd product} {ergonomic}
    uintx NonProfiledCodeHeapSize                  = 122909434                              {pd product} {ergonomic}
    uintx ProfiledCodeHeapSize                     = 122909434                              {pd product} {ergonomic}
    uintx ReservedCodeCacheSize                    = 251658240                              {pd product} {ergonomic}
     bool SegmentedCodeCache                       = true                                      {product} {ergonomic}
     bool ShowCodeDetailsInExceptionMessages       = true                                   {manageable} {command line}
   size_t SoftMaxHeapSize                          = 4294967296                             {manageable} {ergonomic}
     bool UseCompressedClassPointers               = true                           {product lp64_product} {ergonomic}
     bool UseCompressedOops                        = true                           {product lp64_product} {ergonomic}
     bool UseG1GC                                  = true                                      {product} {ergonomic}
     bool UseNUMA                                  = false                                     {product} {ergonomic}
     bool UseNUMAInterleaving                      = false                                     {product} {ergonomic}

Logging:
Log output configuration:
 #0: stdout all=warning uptime,level,tags
 #1: stderr all=off uptime,level,tags

Environment Variables:
PATH=/usr/bin:/bin:/usr/sbin:/sbin
SHELL=/bin/zsh

Signal Handlers:
   SIGSEGV: crash_handler in libjvm.dylib, mask=11100110000111110111111111111111, flags=SA_RESTART|SA_SIGINFO
    SIGBUS: crash_handler in libjvm.dylib, mask=11100110000111110111111111111111, flags=SA_RESTART|SA_SIGINFO
    SIGFPE: crash_handler in libjvm.dylib, mask=11100110000111110111111111111111, flags=SA_RESTART|SA_SIGINFO
   SIGPIPE: javaSignalHandler in libjvm.dylib, mask=11100110000111110111111111111111, flags=SA_RESTART|SA_SIGINFO
   SIGXFSZ: javaSignalHandler in libjvm.dylib, mask=11100110000111110111111111111111, flags=SA_RESTART|SA_SIGINFO
    SIGILL: crash_handler in libjvm.dylib, mask=11100110000111110111111111111111, flags=SA_RESTART|SA_SIGINFO
   SIGUSR2: SR_handler in libjvm.dylib, mask=00100000000000000000000000000000, flags=SA_RESTART|SA_SIGINFO
    SIGHUP: UserHandler in libjvm.dylib, mask=11100110000111110111111111111111, flags=SA_RESTART|SA_SIGINFO
    SIGINT: UserHandler in libjvm.dylib, mask=11100110000111110111111111111111, flags=SA_RESTART|SA_SIGINFO
   SIGTERM: UserHandler in libjvm.dylib, mask=11100110000111110111111111111111, flags=SA_RESTART|SA_SIGINFO
   SIGQUIT: UserHandler in libjvm.dylib, mask=11100110000111110111111111111111, flags=SA_RESTART|SA_SIGINFO
   SIGTRAP: crash_handler in libjvm.dylib, mask=11100110000111110111111111111111, flags=SA_RESTART|SA_SIGINFO


---------------  S Y S T E M  ---------------

OS:
uname: Darwin 21.3.0 Darwin Kernel Version 21.3.0: Wed Jan  5 21:37:58 PST 2022; root:xnu-8019.80.24~20/RELEASE_X86_64 x86_64
OS uptime: 0 days 9:20 hours
rlimit (soft/hard): STACK 8192k/65532k , CORE 0k/infinity , NPROC 2784/4176 , NOFILE 10240/infinity , AS infinity/infinity , CPU infinity/infinity , DATA infinity/infinity , FSIZE infinity/infinity , MEMLOCK infinity/infinity , RSS infinity/infinity
load average: 2.16 1.98 2.03

CPU: total 12 (initial active 12) (6 cores per cpu, 2 threads per core) family 6 model 158 stepping 10 microcode 0xec, cx8, cmov, fxsr, ht, mmx, 3dnowpref, sse, sse2, sse3, ssse3, sse4.1, sse4.2, popcnt, lzcnt, tsc, tscinvbit, avx, avx2, aes, erms, clmul, bmi1, bmi2, rtm, adx, fma, vzeroupper, clflush, clflushopt

Memory: 4k page, physical 16777216k(343584k free), swap 1048576k(791552k free)

vm_info: Java HotSpot(TM) 64-Bit Server VM (17.0.2+8-LTS-86) for bsd-amd64 JRE (17.0.2+8-LTS-86), built on Dec  7 2021 21:56:25 by "mach5one" with clang Apple LLVM 12.0.0 (clang-1200.0.32.29)

END.
